{"/Users/carsonaberle/Development/sei/sei-js/packages/registry/src/chain-info/index.ts": {"path":"/Users/carsonaberle/Development/sei/sei-js/packages/registry/src/chain-info/index.ts","statementMap":{"0":{"start":{"line":1,"column":0},"end":{"line":1,"column":65}},"1":{"start":{"line":37,"column":13},"end":{"line":37,"column":64}}},"fnMap":{},"branchMap":{},"s":{"0":1,"1":1},"f":{},"b":{}}
,"/Users/carsonaberle/Development/sei/sei-js/packages/registry/src/gas/index.ts": {"path":"/Users/carsonaberle/Development/sei/sei-js/packages/registry/src/gas/index.ts","statementMap":{"0":{"start":{"line":1,"column":0},"end":{"line":1,"column":56}},"1":{"start":{"line":53,"column":13},"end":{"line":53,"column":56}}},"fnMap":{},"branchMap":{},"s":{"0":1,"1":1},"f":{},"b":{}}
,"/Users/carsonaberle/Development/sei/sei-js/packages/registry/src/ibc/index.ts": {"path":"/Users/carsonaberle/Development/sei/sei-js/packages/registry/src/ibc/index.ts","statementMap":{"0":{"start":{"line":1,"column":0},"end":{"line":1,"column":61}},"1":{"start":{"line":53,"column":13},"end":{"line":53,"column":56}}},"fnMap":{},"branchMap":{},"s":{"0":1,"1":1},"f":{},"b":{}}
,"/Users/carsonaberle/Development/sei/sei-js/packages/registry/src/networks/index.ts": {"path":"/Users/carsonaberle/Development/sei/sei-js/packages/registry/src/networks/index.ts","statementMap":{"0":{"start":{"line":1,"column":0},"end":{"line":1,"column":60}},"1":{"start":{"line":70,"column":13},"end":{"line":70,"column":71}}},"fnMap":{},"branchMap":{},"s":{"0":1,"1":1},"f":{},"b":{}}
,"/Users/carsonaberle/Development/sei/sei-js/packages/registry/src/tokens/index.ts": {"path":"/Users/carsonaberle/Development/sei/sei-js/packages/registry/src/tokens/index.ts","statementMap":{"0":{"start":{"line":1,"column":0},"end":{"line":1,"column":69}},"1":{"start":{"line":72,"column":13},"end":{"line":72,"column":75}}},"fnMap":{},"branchMap":{},"s":{"0":1,"1":1},"f":{},"b":{}}
,"/Users/carsonaberle/Development/sei/sei-js/packages/registry/src/wallets/index.ts": {"path":"/Users/carsonaberle/Development/sei/sei-js/packages/registry/src/wallets/index.ts","statementMap":{"0":{"start":{"line":1,"column":0},"end":{"line":1,"column":60}},"1":{"start":{"line":46,"column":13},"end":{"line":46,"column":68}}},"fnMap":{},"branchMap":{},"s":{"0":1,"1":1},"f":{},"b":{}}
}
