TN:
SF:src/chain-info/index.ts
FNF:0
FNH:0
DA:1,1
DA:37,1
LF:2
LH:2
BRF:0
BRH:0
end_of_record
TN:
SF:src/gas/index.ts
FNF:0
FNH:0
DA:1,1
DA:53,1
LF:2
LH:2
BRF:0
BRH:0
end_of_record
TN:
SF:src/ibc/index.ts
FNF:0
FNH:0
DA:1,1
DA:53,1
LF:2
LH:2
BRF:0
BRH:0
end_of_record
TN:
SF:src/networks/index.ts
FNF:0
FNH:0
DA:1,1
DA:70,1
LF:2
LH:2
BRF:0
BRH:0
end_of_record
TN:
SF:src/tokens/index.ts
FNF:0
FNH:0
DA:1,1
DA:72,1
LF:2
LH:2
BRF:0
BRH:0
end_of_record
TN:
SF:src/wallets/index.ts
FNF:0
FNH:0
DA:1,1
DA:46,1
LF:2
LH:2
BRF:0
BRH:0
end_of_record
