<?xml version="1.0" encoding="UTF-8"?>
<coverage generated="1711001932239" clover="3.2.0">
  <project timestamp="1711001932239" name="All files">
    <metrics statements="43" coveredstatements="43" conditionals="8" coveredconditionals="4" methods="12" coveredmethods="12" elements="63" coveredelements="59" complexity="0" loc="43" ncloc="43" packages="3" files="6" classes="6"/>
    <package name="core.signingClient">
      <metrics statements="22" coveredstatements="22" conditionals="3" coveredconditionals="1" methods="6" coveredmethods="6"/>
      <file name="cosmWasmClient.ts" path="/Users/carsonaberle/Development/sei/sei-js/packages/cosmjs/src/core/signingClient/cosmWasmClient.ts">
        <metrics statements="8" coveredstatements="8" conditionals="1" coveredconditionals="0" methods="2" coveredmethods="2"/>
        <line num="1" count="1" type="stmt"/>
        <line num="3" count="1" type="stmt"/>
        <line num="36" count="1" type="stmt"/>
        <line num="37" count="1" type="stmt"/>
        <line num="74" count="1" type="stmt"/>
        <line num="79" count="1" type="stmt"/>
        <line num="80" count="1" type="stmt"/>
        <line num="81" count="1" type="stmt"/>
      </file>
      <file name="stargateClient.ts" path="/Users/carsonaberle/Development/sei/sei-js/packages/cosmjs/src/core/signingClient/stargateClient.ts">
        <metrics statements="14" coveredstatements="14" conditionals="2" coveredconditionals="1" methods="4" coveredmethods="4"/>
        <line num="1" count="2" type="stmt"/>
        <line num="2" count="2" type="stmt"/>
        <line num="3" count="2" type="stmt"/>
        <line num="37" count="2" type="stmt"/>
        <line num="39" count="4" type="stmt"/>
        <line num="67" count="2" type="stmt"/>
        <line num="68" count="4" type="stmt"/>
        <line num="74" count="4" type="stmt"/>
        <line num="118" count="2" type="cond" truecount="1" falsecount="0"/>
        <line num="119" count="1" type="stmt"/>
        <line num="195" count="2" type="stmt"/>
        <line num="200" count="1" type="stmt"/>
        <line num="201" count="1" type="stmt"/>
        <line num="202" count="1" type="stmt"/>
      </file>
    </package>
    <package name="utils">
      <metrics statements="6" coveredstatements="6" conditionals="1" coveredconditionals="1" methods="1" coveredmethods="1"/>
      <file name="bech32.ts" path="/Users/carsonaberle/Development/sei/sei-js/packages/cosmjs/src/utils/bech32.ts">
        <metrics statements="6" coveredstatements="6" conditionals="1" coveredconditionals="1" methods="1" coveredmethods="1"/>
        <line num="1" count="1" type="stmt"/>
        <line num="9" count="1" type="stmt"/>
        <line num="10" count="4" type="cond" truecount="1" falsecount="0"/>
        <line num="11" count="1" type="stmt"/>
        <line num="13" count="3" type="stmt"/>
        <line num="14" count="3" type="stmt"/>
      </file>
    </package>
    <package name="wallet">
      <metrics statements="15" coveredstatements="15" conditionals="4" coveredconditionals="2" methods="5" coveredmethods="5"/>
      <file name="keplrVerification.ts" path="/Users/carsonaberle/Development/sei/sei-js/packages/cosmjs/src/wallet/keplrVerification.ts">
        <metrics statements="1" coveredstatements="1" conditionals="0" coveredconditionals="0" methods="1" coveredmethods="1"/>
        <line num="9" count="1" type="stmt"/>
      </file>
      <file name="utils.ts" path="/Users/carsonaberle/Development/sei/sei-js/packages/cosmjs/src/wallet/utils.ts">
        <metrics statements="5" coveredstatements="5" conditionals="2" coveredconditionals="1" methods="1" coveredmethods="1"/>
        <line num="6" count="1" type="stmt"/>
        <line num="21" count="1" type="cond" truecount="1" falsecount="1"/>
        <line num="22" count="1" type="stmt"/>
        <line num="23" count="1" type="stmt"/>
        <line num="28" count="1" type="stmt"/>
      </file>
      <file name="wallet.ts" path="/Users/carsonaberle/Development/sei/sei-js/packages/cosmjs/src/wallet/wallet.ts">
        <metrics statements="9" coveredstatements="9" conditionals="2" coveredconditionals="1" methods="3" coveredmethods="3"/>
        <line num="1" count="1" type="stmt"/>
        <line num="2" count="1" type="stmt"/>
        <line num="10" count="1" type="cond" truecount="1" falsecount="0"/>
        <line num="11" count="8" type="stmt"/>
        <line num="12" count="8" type="stmt"/>
        <line num="32" count="1" type="cond" truecount="0" falsecount="1"/>
        <line num="33" count="2" type="stmt"/>
        <line num="55" count="1" type="stmt"/>
        <line num="56" count="1" type="stmt"/>
      </file>
    </package>
  </project>
</coverage>
