{"/Users/carsonaberle/Development/sei/sei-js/packages/cosmjs/src/core/signingClient/cosmWasmClient.ts": {"path":"/Users/carsonaberle/Development/sei/sei-js/packages/cosmjs/src/core/signingClient/cosmWasmClient.ts","statementMap":{"0":{"start":{"line":1,"column":0},"end":{"line":1,"column":112}},"1":{"start":{"line":3,"column":0},"end":{"line":3,"column":74}},"2":{"start":{"line":36,"column":33},"end":{"line":38,"column":1}},"3":{"start":{"line":37,"column":1},"end":{"line":37,"column":44}},"4":{"start":{"line":36,"column":13},"end":{"line":36,"column":33}},"5":{"start":{"line":74,"column":40},"end":{"line":86,"column":1}},"6":{"start":{"line":79,"column":18},"end":{"line":79,"column":37}},"7":{"start":{"line":80,"column":20},"end":{"line":80,"column":41}},"8":{"start":{"line":81,"column":1},"end":{"line":85,"column":4}},"9":{"start":{"line":74,"column":13},"end":{"line":74,"column":40}}},"fnMap":{"0":{"name":"(anonymous_0)","decl":{"start":{"line":36,"column":33},"end":{"line":36,"column":38}},"loc":{"start":{"line":36,"column":88},"end":{"line":38,"column":1}}},"1":{"name":"(anonymous_1)","decl":{"start":{"line":74,"column":40},"end":{"line":74,"column":45}},"loc":{"start":{"line":78,"column":36},"end":{"line":86,"column":1}}}},"branchMap":{"0":{"loc":{"start":{"line":77,"column":1},"end":{"line":77,"column":43}},"type":"default-arg","locations":[{"start":{"line":77,"column":41},"end":{"line":77,"column":43}}]}},"s":{"0":1,"1":1,"2":1,"3":1,"4":1,"5":1,"6":1,"7":1,"8":1,"9":1},"f":{"0":1,"1":1},"b":{"0":[0]}}
,"/Users/carsonaberle/Development/sei/sei-js/packages/cosmjs/src/core/signingClient/stargateClient.ts": {"path":"/Users/carsonaberle/Development/sei/sei-js/packages/cosmjs/src/core/signingClient/stargateClient.ts","statementMap":{"0":{"start":{"line":1,"column":0},"end":{"line":1,"column":160}},"1":{"start":{"line":2,"column":0},"end":{"line":2,"column":64}},"2":{"start":{"line":3,"column":0},"end":{"line":3,"column":null}},"3":{"start":{"line":37,"column":33},"end":{"line":40,"column":1}},"4":{"start":{"line":39,"column":1},"end":{"line":39,"column":103}},"5":{"start":{"line":37,"column":13},"end":{"line":37,"column":33}},"6":{"start":{"line":67,"column":35},"end":{"line":75,"column":1}},"7":{"start":{"line":68,"column":15},"end":{"line":73,"column":3}},"8":{"start":{"line":74,"column":1},"end":{"line":74,"column":30}},"9":{"start":{"line":67,"column":13},"end":{"line":67,"column":35}},"10":{"start":{"line":118,"column":33},"end":{"line":120,"column":1}},"11":{"start":{"line":119,"column":1},"end":{"line":119,"column":53}},"12":{"start":{"line":118,"column":13},"end":{"line":118,"column":33}},"13":{"start":{"line":195,"column":40},"end":{"line":207,"column":1}},"14":{"start":{"line":200,"column":18},"end":{"line":200,"column":37}},"15":{"start":{"line":201,"column":20},"end":{"line":201,"column":41}},"16":{"start":{"line":202,"column":1},"end":{"line":206,"column":4}},"17":{"start":{"line":195,"column":13},"end":{"line":195,"column":40}}},"fnMap":{"0":{"name":"(anonymous_0)","decl":{"start":{"line":37,"column":33},"end":{"line":37,"column":46}},"loc":{"start":{"line":37,"column":48},"end":{"line":40,"column":1}}},"1":{"name":"(anonymous_1)","decl":{"start":{"line":67,"column":35},"end":{"line":67,"column":50}},"loc":{"start":{"line":67,"column":52},"end":{"line":75,"column":1}}},"2":{"name":"(anonymous_2)","decl":{"start":{"line":118,"column":33},"end":{"line":118,"column":38}},"loc":{"start":{"line":118,"column":125},"end":{"line":120,"column":1}}},"3":{"name":"(anonymous_3)","decl":{"start":{"line":195,"column":40},"end":{"line":195,"column":45}},"loc":{"start":{"line":199,"column":36},"end":{"line":207,"column":1}}}},"branchMap":{"0":{"loc":{"start":{"line":118,"column":61},"end":{"line":118,"column":96}},"type":"default-arg","locations":[{"start":{"line":118,"column":94},"end":{"line":118,"column":96}}]},"1":{"loc":{"start":{"line":198,"column":1},"end":{"line":198,"column":43}},"type":"default-arg","locations":[{"start":{"line":198,"column":41},"end":{"line":198,"column":43}}]}},"s":{"0":2,"1":2,"2":2,"3":2,"4":4,"5":2,"6":2,"7":4,"8":4,"9":2,"10":2,"11":1,"12":2,"13":2,"14":1,"15":1,"16":1,"17":2},"f":{"0":4,"1":4,"2":1,"3":1},"b":{"0":[1],"1":[0]}}
,"/Users/carsonaberle/Development/sei/sei-js/packages/cosmjs/src/utils/bech32.ts": {"path":"/Users/carsonaberle/Development/sei/sei-js/packages/cosmjs/src/utils/bech32.ts","statementMap":{"0":{"start":{"line":1,"column":0},"end":{"line":1,"column":32}},"1":{"start":{"line":9,"column":24},"end":{"line":15,"column":1}},"2":{"start":{"line":10,"column":1},"end":{"line":12,"column":2}},"3":{"start":{"line":11,"column":2},"end":{"line":11,"column":44}},"4":{"start":{"line":13,"column":15},"end":{"line":13,"column":38}},"5":{"start":{"line":14,"column":1},"end":{"line":14,"column":36}},"6":{"start":{"line":9,"column":13},"end":{"line":9,"column":24}}},"fnMap":{"0":{"name":"(anonymous_0)","decl":{"start":{"line":9,"column":24},"end":{"line":9,"column":25}},"loc":{"start":{"line":9,"column":56},"end":{"line":15,"column":1}}}},"branchMap":{"0":{"loc":{"start":{"line":10,"column":1},"end":{"line":12,"column":2}},"type":"if","locations":[{"start":{"line":10,"column":1},"end":{"line":12,"column":2}}]}},"s":{"0":1,"1":1,"2":4,"3":1,"4":3,"5":3,"6":1},"f":{"0":4},"b":{"0":[1]}}
,"/Users/carsonaberle/Development/sei/sei-js/packages/cosmjs/src/wallet/keplrVerification.ts": {"path":"/Users/carsonaberle/Development/sei/sei-js/packages/cosmjs/src/wallet/keplrVerification.ts","statementMap":{"0":{"start":{"line":9,"column":39},"end":{"line":51,"column":2}},"1":{"start":{"line":9,"column":74},"end":{"line":51,"column":2}},"2":{"start":{"line":9,"column":13},"end":{"line":9,"column":39}}},"fnMap":{"0":{"name":"(anonymous_0)","decl":{"start":{"line":9,"column":39},"end":{"line":9,"column":40}},"loc":{"start":{"line":9,"column":74},"end":{"line":51,"column":2}}}},"branchMap":{},"s":{"0":1,"1":1,"2":1},"f":{"0":1},"b":{}}
,"/Users/carsonaberle/Development/sei/sei-js/packages/cosmjs/src/wallet/utils.ts": {"path":"/Users/carsonaberle/Development/sei/sei-js/packages/cosmjs/src/wallet/utils.ts","statementMap":{"0":{"start":{"line":6,"column":27},"end":{"line":12,"column":2}},"1":{"start":{"line":21,"column":31},"end":{"line":68,"column":1}},"2":{"start":{"line":22,"column":16},"end":{"line":22,"column":21}},"3":{"start":{"line":23,"column":63},"end":{"line":26,"column":3}},"4":{"start":{"line":28,"column":1},"end":{"line":67,"column":3}},"5":{"start":{"line":21,"column":13},"end":{"line":21,"column":31}}},"fnMap":{"0":{"name":"(anonymous_0)","decl":{"start":{"line":21,"column":31},"end":{"line":21,"column":32}},"loc":{"start":{"line":21,"column":103},"end":{"line":68,"column":1}}}},"branchMap":{"0":{"loc":{"start":{"line":21,"column":32},"end":{"line":21,"column":57}},"type":"default-arg","locations":[{"start":{"line":21,"column":55},"end":{"line":21,"column":57}}]},"1":{"loc":{"start":{"line":21,"column":59},"end":{"line":21,"column":86}},"type":"default-arg","locations":[{"start":{"line":21,"column":84},"end":{"line":21,"column":86}}]}},"s":{"0":1,"1":1,"2":1,"3":1,"4":1,"5":1},"f":{"0":1},"b":{"0":[0],"1":[1]}}
,"/Users/carsonaberle/Development/sei/sei-js/packages/cosmjs/src/wallet/wallet.ts": {"path":"/Users/carsonaberle/Development/sei/sei-js/packages/cosmjs/src/wallet/wallet.ts","statementMap":{"0":{"start":{"line":1,"column":0},"end":{"line":1,"column":64}},"1":{"start":{"line":2,"column":0},"end":{"line":2,"column":54}},"2":{"start":{"line":10,"column":25},"end":{"line":13,"column":1}},"3":{"start":{"line":11,"column":20},"end":{"line":11,"column":53}},"4":{"start":{"line":12,"column":1},"end":{"line":12,"column":33}},"5":{"start":{"line":10,"column":13},"end":{"line":10,"column":25}},"6":{"start":{"line":32,"column":30},"end":{"line":37,"column":1}},"7":{"start":{"line":33,"column":1},"end":{"line":36,"column":4}},"8":{"start":{"line":32,"column":13},"end":{"line":32,"column":30}},"9":{"start":{"line":55,"column":29},"end":{"line":57,"column":1}},"10":{"start":{"line":56,"column":1},"end":{"line":56,"column":118}},"11":{"start":{"line":55,"column":13},"end":{"line":55,"column":29}}},"fnMap":{"0":{"name":"(anonymous_0)","decl":{"start":{"line":10,"column":25},"end":{"line":10,"column":26}},"loc":{"start":{"line":10,"column":54},"end":{"line":13,"column":1}}},"1":{"name":"(anonymous_1)","decl":{"start":{"line":32,"column":30},"end":{"line":32,"column":35}},"loc":{"start":{"line":32,"column":141},"end":{"line":37,"column":1}}},"2":{"name":"(anonymous_2)","decl":{"start":{"line":55,"column":29},"end":{"line":55,"column":34}},"loc":{"start":{"line":55,"column":115},"end":{"line":57,"column":1}}}},"branchMap":{"0":{"loc":{"start":{"line":10,"column":26},"end":{"line":10,"column":42}},"type":"default-arg","locations":[{"start":{"line":10,"column":41},"end":{"line":10,"column":42}}]},"1":{"loc":{"start":{"line":32,"column":37},"end":{"line":32,"column":80}},"type":"default-arg","locations":[{"start":{"line":32,"column":78},"end":{"line":32,"column":80}}]}},"s":{"0":1,"1":1,"2":1,"3":8,"4":8,"5":1,"6":1,"7":2,"8":1,"9":1,"10":1,"11":1},"f":{"0":8,"1":2,"2":1},"b":{"0":[1],"1":[0]}}
}
