TN:
SF:src/core/signingClient/cosmWasmClient.ts
FN:36,(anonymous_0)
FN:74,(anonymous_1)
FNF:2
FNH:2
FNDA:1,(anonymous_0)
FNDA:1,(anonymous_1)
DA:1,1
DA:3,1
DA:36,1
DA:37,1
DA:74,1
DA:79,1
DA:80,1
DA:81,1
LF:8
LH:8
BRDA:77,0,0,0
BRF:1
BRH:0
end_of_record
TN:
SF:src/core/signingClient/stargateClient.ts
FN:37,(anonymous_0)
FN:67,(anonymous_1)
FN:118,(anonymous_2)
FN:195,(anonymous_3)
FNF:4
FNH:4
FNDA:4,(anonymous_0)
FNDA:4,(anonymous_1)
FNDA:1,(anonymous_2)
FNDA:1,(anonymous_3)
DA:1,2
DA:2,2
DA:3,2
DA:37,2
DA:39,4
DA:67,2
DA:68,4
DA:74,4
DA:118,2
DA:119,1
DA:195,2
DA:200,1
DA:201,1
DA:202,1
LF:14
LH:14
BRDA:118,0,0,1
BRDA:198,1,0,0
BRF:2
BRH:1
end_of_record
TN:
SF:src/utils/bech32.ts
FN:9,(anonymous_0)
FNF:1
FNH:1
FNDA:4,(anonymous_0)
DA:1,1
DA:9,1
DA:10,4
DA:11,1
DA:13,3
DA:14,3
LF:6
LH:6
BRDA:10,0,0,1
BRF:1
BRH:1
end_of_record
TN:
SF:src/wallet/keplrVerification.ts
FN:9,(anonymous_0)
FNF:1
FNH:1
FNDA:1,(anonymous_0)
DA:9,1
LF:1
LH:1
BRF:0
BRH:0
end_of_record
TN:
SF:src/wallet/utils.ts
FN:21,(anonymous_0)
FNF:1
FNH:1
FNDA:1,(anonymous_0)
DA:6,1
DA:21,1
DA:22,1
DA:23,1
DA:28,1
LF:5
LH:5
BRDA:21,0,0,0
BRDA:21,1,0,1
BRF:2
BRH:1
end_of_record
TN:
SF:src/wallet/wallet.ts
FN:10,(anonymous_0)
FN:32,(anonymous_1)
FN:55,(anonymous_2)
FNF:3
FNH:3
FNDA:8,(anonymous_0)
FNDA:2,(anonymous_1)
FNDA:1,(anonymous_2)
DA:1,1
DA:2,1
DA:10,1
DA:11,8
DA:12,8
DA:32,1
DA:33,2
DA:55,1
DA:56,1
LF:9
LH:9
BRDA:10,0,0,1
BRDA:32,1,0,0
BRF:2
BRH:1
end_of_record
