{
	"numFailedTestSuites": 0,
	"numFailedTests": 0,
	"numPassedTestSuites": 13,
	"numPassedTests": 176,
	"numPendingTestSuites": 0,
	"numPendingTests": 0,
	"numRuntimeErrorTestSuites": 0,
	"numTodoTests": 0,
	"numTotalTestSuites": 13,
	"numTotalTests": 176,
	"openHandles": [],
	"snapshot": {
		"added": 0,
		"didUpdate": false,
		"failure": false,
		"filesAdded": 0,
		"filesRemoved": 0,
		"filesRemovedList": [],
		"filesUnmatched": 0,
		"filesUpdated": 0,
		"matched": 0,
		"total": 0,
		"unchecked": 0,
		"uncheckedKeysByFile": [],
		"unmatched": 0,
		"updated": 0
	},
	"startTime": 1748058916005,
	"success": true,
	"testResults": [
		{
			"assertionResults": [
				{
					"ancestorTitles": ["EVM Tools", "Network Information Tools"],
					"duration": 2,
					"failureDetails": [],
					"failureMessages": [],
					"fullName": "EVM Tools Network Information Tools get_chain_info - success path",
					"invocations": 1,
					"location": null,
					"numPassingAsserts": 7,
					"retryReasons": [],
					"status": "passed",
					"title": "get_chain_info - success path"
				},
				{
					"ancestorTitles": ["EVM Tools", "Network Information Tools"],
					"duration": 1,
					"failureDetails": [],
					"failureMessages": [],
					"fullName": "EVM Tools Network Information Tools get_chain_info - error path",
					"invocations": 1,
					"location": null,
					"numPassingAsserts": 5,
					"retryReasons": [],
					"status": "passed",
					"title": "get_chain_info - error path"
				},
				{
					"ancestorTitles": ["EVM Tools", "Network Information Tools"],
					"duration": 0,
					"failureDetails": [],
					"failureMessages": [],
					"fullName": "EVM Tools Network Information Tools get_supported_networks - success path",
					"invocations": 1,
					"location": null,
					"numPassingAsserts": 5,
					"retryReasons": [],
					"status": "passed",
					"title": "get_supported_networks - success path"
				},
				{
					"ancestorTitles": ["EVM Tools", "Network Information Tools"],
					"duration": 3,
					"failureDetails": [],
					"failureMessages": [],
					"fullName": "EVM Tools Network Information Tools get_supported_networks - error path",
					"invocations": 1,
					"location": null,
					"numPassingAsserts": 5,
					"retryReasons": [],
					"status": "passed",
					"title": "get_supported_networks - error path"
				},
				{
					"ancestorTitles": ["EVM Tools", "Block Tools"],
					"duration": 0,
					"failureDetails": [],
					"failureMessages": [],
					"fullName": "EVM Tools Block Tools get_block_by_number - success path",
					"invocations": 1,
					"location": null,
					"numPassingAsserts": 4,
					"retryReasons": [],
					"status": "passed",
					"title": "get_block_by_number - success path"
				},
				{
					"ancestorTitles": ["EVM Tools", "Block Tools"],
					"duration": 0,
					"failureDetails": [],
					"failureMessages": [],
					"fullName": "EVM Tools Block Tools get_block_by_number - error path",
					"invocations": 1,
					"location": null,
					"numPassingAsserts": 5,
					"retryReasons": [],
					"status": "passed",
					"title": "get_block_by_number - error path"
				},
				{
					"ancestorTitles": ["EVM Tools", "Block Tools"],
					"duration": 0,
					"failureDetails": [],
					"failureMessages": [],
					"fullName": "EVM Tools Block Tools get_latest_block - success path",
					"invocations": 1,
					"location": null,
					"numPassingAsserts": 4,
					"retryReasons": [],
					"status": "passed",
					"title": "get_latest_block - success path"
				},
				{
					"ancestorTitles": ["EVM Tools", "Block Tools"],
					"duration": 0,
					"failureDetails": [],
					"failureMessages": [],
					"fullName": "EVM Tools Block Tools get_latest_block - error path",
					"invocations": 1,
					"location": null,
					"numPassingAsserts": 5,
					"retryReasons": [],
					"status": "passed",
					"title": "get_latest_block - error path"
				},
				{
					"ancestorTitles": ["EVM Tools", "Balance Tools"],
					"duration": 1,
					"failureDetails": [],
					"failureMessages": [],
					"fullName": "EVM Tools Balance Tools get_balance - success path",
					"invocations": 1,
					"location": null,
					"numPassingAsserts": 3,
					"retryReasons": [],
					"status": "passed",
					"title": "get_balance - success path"
				},
				{
					"ancestorTitles": ["EVM Tools", "Balance Tools"],
					"duration": 0,
					"failureDetails": [],
					"failureMessages": [],
					"fullName": "EVM Tools Balance Tools get_balance - error path",
					"invocations": 1,
					"location": null,
					"numPassingAsserts": 5,
					"retryReasons": [],
					"status": "passed",
					"title": "get_balance - error path"
				},
				{
					"ancestorTitles": ["EVM Tools", "Balance Tools"],
					"duration": 0,
					"failureDetails": [],
					"failureMessages": [],
					"fullName": "EVM Tools Balance Tools get_token_balance - success path",
					"invocations": 1,
					"location": null,
					"numPassingAsserts": 3,
					"retryReasons": [],
					"status": "passed",
					"title": "get_token_balance - success path"
				},
				{
					"ancestorTitles": ["EVM Tools", "Balance Tools"],
					"duration": 0,
					"failureDetails": [],
					"failureMessages": [],
					"fullName": "EVM Tools Balance Tools get_token_balance - error path",
					"invocations": 1,
					"location": null,
					"numPassingAsserts": 5,
					"retryReasons": [],
					"status": "passed",
					"title": "get_token_balance - error path"
				},
				{
					"ancestorTitles": ["EVM Tools", "Balance Tools"],
					"duration": 0,
					"failureDetails": [],
					"failureMessages": [],
					"fullName": "EVM Tools Balance Tools get_nft_balance - success path",
					"invocations": 1,
					"location": null,
					"numPassingAsserts": 3,
					"retryReasons": [],
					"status": "passed",
					"title": "get_nft_balance - success path"
				},
				{
					"ancestorTitles": ["EVM Tools", "Balance Tools"],
					"duration": 0,
					"failureDetails": [],
					"failureMessages": [],
					"fullName": "EVM Tools Balance Tools get_nft_balance - error path",
					"invocations": 1,
					"location": null,
					"numPassingAsserts": 5,
					"retryReasons": [],
					"status": "passed",
					"title": "get_nft_balance - error path"
				},
				{
					"ancestorTitles": ["EVM Tools", "Balance Tools"],
					"duration": 0,
					"failureDetails": [],
					"failureMessages": [],
					"fullName": "EVM Tools Balance Tools get_erc1155_balance - success path",
					"invocations": 1,
					"location": null,
					"numPassingAsserts": 3,
					"retryReasons": [],
					"status": "passed",
					"title": "get_erc1155_balance - success path"
				},
				{
					"ancestorTitles": ["EVM Tools", "Balance Tools"],
					"duration": 0,
					"failureDetails": [],
					"failureMessages": [],
					"fullName": "EVM Tools Balance Tools get_erc1155_balance - error path",
					"invocations": 1,
					"location": null,
					"numPassingAsserts": 5,
					"retryReasons": [],
					"status": "passed",
					"title": "get_erc1155_balance - error path"
				},
				{
					"ancestorTitles": ["EVM Tools"],
					"duration": 7,
					"failureDetails": [],
					"failureMessages": [],
					"fullName": "EVM Tools should register all expected tools",
					"invocations": 1,
					"location": null,
					"numPassingAsserts": 18,
					"retryReasons": [],
					"status": "passed",
					"title": "should register all expected tools"
				},
				{
					"ancestorTitles": ["EVM Tools", "Transaction Tools"],
					"duration": 0,
					"failureDetails": [],
					"failureMessages": [],
					"fullName": "EVM Tools Transaction Tools get_transaction - success path",
					"invocations": 1,
					"location": null,
					"numPassingAsserts": 3,
					"retryReasons": [],
					"status": "passed",
					"title": "get_transaction - success path"
				},
				{
					"ancestorTitles": ["EVM Tools", "Transaction Tools"],
					"duration": 0,
					"failureDetails": [],
					"failureMessages": [],
					"fullName": "EVM Tools Transaction Tools get_transaction - error path",
					"invocations": 1,
					"location": null,
					"numPassingAsserts": 5,
					"retryReasons": [],
					"status": "passed",
					"title": "get_transaction - error path"
				},
				{
					"ancestorTitles": ["EVM Tools", "Transaction Tools"],
					"duration": 0,
					"failureDetails": [],
					"failureMessages": [],
					"fullName": "EVM Tools Transaction Tools get_transaction_receipt - success path",
					"invocations": 1,
					"location": null,
					"numPassingAsserts": 3,
					"retryReasons": [],
					"status": "passed",
					"title": "get_transaction_receipt - success path"
				},
				{
					"ancestorTitles": ["EVM Tools", "Transaction Tools"],
					"duration": 1,
					"failureDetails": [],
					"failureMessages": [],
					"fullName": "EVM Tools Transaction Tools get_transaction_receipt - error path",
					"invocations": 1,
					"location": null,
					"numPassingAsserts": 5,
					"retryReasons": [],
					"status": "passed",
					"title": "get_transaction_receipt - error path"
				},
				{
					"ancestorTitles": ["EVM Tools", "Token Information Tools"],
					"duration": 0,
					"failureDetails": [],
					"failureMessages": [],
					"fullName": "EVM Tools Token Information Tools get_token_info - success path",
					"invocations": 1,
					"location": null,
					"numPassingAsserts": 3,
					"retryReasons": [],
					"status": "passed",
					"title": "get_token_info - success path"
				},
				{
					"ancestorTitles": ["EVM Tools", "Token Information Tools"],
					"duration": 0,
					"failureDetails": [],
					"failureMessages": [],
					"fullName": "EVM Tools Token Information Tools get_token_info - error path",
					"invocations": 1,
					"location": null,
					"numPassingAsserts": 5,
					"retryReasons": [],
					"status": "passed",
					"title": "get_token_info - error path"
				},
				{
					"ancestorTitles": ["EVM Tools", "Token Information Tools"],
					"duration": 0,
					"failureDetails": [],
					"failureMessages": [],
					"fullName": "EVM Tools Token Information Tools get_nft_info - success path",
					"invocations": 1,
					"location": null,
					"numPassingAsserts": 3,
					"retryReasons": [],
					"status": "passed",
					"title": "get_nft_info - success path"
				},
				{
					"ancestorTitles": ["EVM Tools", "Token Information Tools"],
					"duration": 1,
					"failureDetails": [],
					"failureMessages": [],
					"fullName": "EVM Tools Token Information Tools get_nft_info - error path",
					"invocations": 1,
					"location": null,
					"numPassingAsserts": 5,
					"retryReasons": [],
					"status": "passed",
					"title": "get_nft_info - error path"
				},
				{
					"ancestorTitles": ["EVM Tools", "Contract Interaction Tools"],
					"duration": 0,
					"failureDetails": [],
					"failureMessages": [],
					"fullName": "EVM Tools Contract Interaction Tools read_contract - success path",
					"invocations": 1,
					"location": null,
					"numPassingAsserts": 3,
					"retryReasons": [],
					"status": "passed",
					"title": "read_contract - success path"
				},
				{
					"ancestorTitles": ["EVM Tools", "Contract Interaction Tools"],
					"duration": 0,
					"failureDetails": [],
					"failureMessages": [],
					"fullName": "EVM Tools Contract Interaction Tools read_contract - error path",
					"invocations": 1,
					"location": null,
					"numPassingAsserts": 5,
					"retryReasons": [],
					"status": "passed",
					"title": "read_contract - error path"
				},
				{
					"ancestorTitles": ["EVM Tools", "Contract Interaction Tools"],
					"duration": 0,
					"failureDetails": [],
					"failureMessages": [],
					"fullName": "EVM Tools Contract Interaction Tools write_contract - success path",
					"invocations": 1,
					"location": null,
					"numPassingAsserts": 3,
					"retryReasons": [],
					"status": "passed",
					"title": "write_contract - success path"
				},
				{
					"ancestorTitles": ["EVM Tools", "Contract Interaction Tools"],
					"duration": 0,
					"failureDetails": [],
					"failureMessages": [],
					"fullName": "EVM Tools Contract Interaction Tools write_contract - error path",
					"invocations": 1,
					"location": null,
					"numPassingAsserts": 5,
					"retryReasons": [],
					"status": "passed",
					"title": "write_contract - error path"
				},
				{
					"ancestorTitles": ["EVM Tools", "Contract Interaction Tools"],
					"duration": 1,
					"failureDetails": [],
					"failureMessages": [],
					"fullName": "EVM Tools Contract Interaction Tools is_contract - success path",
					"invocations": 1,
					"location": null,
					"numPassingAsserts": 3,
					"retryReasons": [],
					"status": "passed",
					"title": "is_contract - success path"
				},
				{
					"ancestorTitles": ["EVM Tools", "Contract Interaction Tools"],
					"duration": 0,
					"failureDetails": [],
					"failureMessages": [],
					"fullName": "EVM Tools Contract Interaction Tools is_contract - error path",
					"invocations": 1,
					"location": null,
					"numPassingAsserts": 5,
					"retryReasons": [],
					"status": "passed",
					"title": "is_contract - error path"
				}
			],
			"endTime": 1748058916368,
			"message": "",
			"name": "/Users/carson/Development/Sei/sei-js/packages/mcp-server/src/tests/core/tools.integration.test.ts",
			"startTime": 1748058916095,
			"status": "passed",
			"summary": ""
		},
		{
			"assertionResults": [
				{
					"ancestorTitles": ["Transfer Service", "transferSei"],
					"duration": 1,
					"failureDetails": [],
					"failureMessages": [],
					"fullName": "Transfer Service transferSei should transfer SEI tokens successfully",
					"invocations": 1,
					"location": null,
					"numPassingAsserts": 2,
					"retryReasons": [],
					"status": "passed",
					"title": "should transfer SEI tokens successfully"
				},
				{
					"ancestorTitles": ["Transfer Service", "transferSei"],
					"duration": 6,
					"failureDetails": [],
					"failureMessages": [],
					"fullName": "Transfer Service transferSei should throw error when private key is not available",
					"invocations": 1,
					"location": null,
					"numPassingAsserts": 1,
					"retryReasons": [],
					"status": "passed",
					"title": "should throw error when private key is not available"
				},
				{
					"ancestorTitles": ["Transfer Service", "transferSei"],
					"duration": 1,
					"failureDetails": [],
					"failureMessages": [],
					"fullName": "Transfer Service transferSei should throw error when wallet account is not initialized",
					"invocations": 1,
					"location": null,
					"numPassingAsserts": 1,
					"retryReasons": [],
					"status": "passed",
					"title": "should throw error when wallet account is not initialized"
				},
				{
					"ancestorTitles": ["Transfer Service", "transferERC20"],
					"duration": 0,
					"failureDetails": [],
					"failureMessages": [],
					"fullName": "Transfer Service transferERC20 should transfer ERC20 tokens successfully",
					"invocations": 1,
					"location": null,
					"numPassingAsserts": 1,
					"retryReasons": [],
					"status": "passed",
					"title": "should transfer ERC20 tokens successfully"
				},
				{
					"ancestorTitles": ["Transfer Service", "transferERC20"],
					"duration": 0,
					"failureDetails": [],
					"failureMessages": [],
					"fullName": "Transfer Service transferERC20 should throw error when private key is not available",
					"invocations": 1,
					"location": null,
					"numPassingAsserts": 1,
					"retryReasons": [],
					"status": "passed",
					"title": "should throw error when private key is not available"
				},
				{
					"ancestorTitles": ["Transfer Service", "transferERC20"],
					"duration": 0,
					"failureDetails": [],
					"failureMessages": [],
					"fullName": "Transfer Service transferERC20 should throw error when wallet account is not initialized",
					"invocations": 1,
					"location": null,
					"numPassingAsserts": 1,
					"retryReasons": [],
					"status": "passed",
					"title": "should throw error when wallet account is not initialized"
				},
				{
					"ancestorTitles": ["Transfer Service", "approveERC20"],
					"duration": 0,
					"failureDetails": [],
					"failureMessages": [],
					"fullName": "Transfer Service approveERC20 should approve ERC20 token spending successfully",
					"invocations": 1,
					"location": null,
					"numPassingAsserts": 1,
					"retryReasons": [],
					"status": "passed",
					"title": "should approve ERC20 token spending successfully"
				},
				{
					"ancestorTitles": ["Transfer Service", "approveERC20"],
					"duration": 1,
					"failureDetails": [],
					"failureMessages": [],
					"fullName": "Transfer Service approveERC20 should throw error when private key is not available",
					"invocations": 1,
					"location": null,
					"numPassingAsserts": 1,
					"retryReasons": [],
					"status": "passed",
					"title": "should throw error when private key is not available"
				},
				{
					"ancestorTitles": ["Transfer Service", "approveERC20"],
					"duration": 0,
					"failureDetails": [],
					"failureMessages": [],
					"fullName": "Transfer Service approveERC20 should throw error when wallet account is not initialized",
					"invocations": 1,
					"location": null,
					"numPassingAsserts": 1,
					"retryReasons": [],
					"status": "passed",
					"title": "should throw error when wallet account is not initialized"
				},
				{
					"ancestorTitles": ["Transfer Service", "transferERC721"],
					"duration": 0,
					"failureDetails": [],
					"failureMessages": [],
					"fullName": "Transfer Service transferERC721 should transfer ERC721 token successfully",
					"invocations": 1,
					"location": null,
					"numPassingAsserts": 1,
					"retryReasons": [],
					"status": "passed",
					"title": "should transfer ERC721 token successfully"
				},
				{
					"ancestorTitles": ["Transfer Service", "transferERC721"],
					"duration": 0,
					"failureDetails": [],
					"failureMessages": [],
					"fullName": "Transfer Service transferERC721 should throw error when private key is not available",
					"invocations": 1,
					"location": null,
					"numPassingAsserts": 1,
					"retryReasons": [],
					"status": "passed",
					"title": "should throw error when private key is not available"
				},
				{
					"ancestorTitles": ["Transfer Service", "transferERC721"],
					"duration": 0,
					"failureDetails": [],
					"failureMessages": [],
					"fullName": "Transfer Service transferERC721 should throw error when wallet account is not initialized",
					"invocations": 1,
					"location": null,
					"numPassingAsserts": 1,
					"retryReasons": [],
					"status": "passed",
					"title": "should throw error when wallet account is not initialized"
				},
				{
					"ancestorTitles": ["Transfer Service", "transferERC721"],
					"duration": 5,
					"failureDetails": [],
					"failureMessages": [],
					"fullName": "Transfer Service transferERC721 should handle errors when fetching NFT metadata",
					"invocations": 1,
					"location": null,
					"numPassingAsserts": 1,
					"retryReasons": [],
					"status": "passed",
					"title": "should handle errors when fetching NFT metadata"
				},
				{
					"ancestorTitles": ["Transfer Service", "transferERC1155"],
					"duration": 0,
					"failureDetails": [],
					"failureMessages": [],
					"fullName": "Transfer Service transferERC1155 should transfer ERC1155 token successfully",
					"invocations": 1,
					"location": null,
					"numPassingAsserts": 1,
					"retryReasons": [],
					"status": "passed",
					"title": "should transfer ERC1155 token successfully"
				},
				{
					"ancestorTitles": ["Transfer Service", "transferERC1155"],
					"duration": 0,
					"failureDetails": [],
					"failureMessages": [],
					"fullName": "Transfer Service transferERC1155 should throw error when private key is not available",
					"invocations": 1,
					"location": null,
					"numPassingAsserts": 1,
					"retryReasons": [],
					"status": "passed",
					"title": "should throw error when private key is not available"
				},
				{
					"ancestorTitles": ["Transfer Service", "transferERC1155"],
					"duration": 0,
					"failureDetails": [],
					"failureMessages": [],
					"fullName": "Transfer Service transferERC1155 should throw error when wallet account is not initialized",
					"invocations": 1,
					"location": null,
					"numPassingAsserts": 1,
					"retryReasons": [],
					"status": "passed",
					"title": "should throw error when wallet account is not initialized"
				}
			],
			"endTime": 1748058916515,
			"message": "",
			"name": "/Users/carson/Development/Sei/sei-js/packages/mcp-server/src/tests/core/services/transfer.test.ts",
			"startTime": 1748058916381,
			"status": "passed",
			"summary": ""
		},
		{
			"assertionResults": [
				{
					"ancestorTitles": ["Contract Service", "readContract"],
					"duration": 0,
					"failureDetails": [],
					"failureMessages": [],
					"fullName": "Contract Service readContract should call public client readContract with correct parameters",
					"invocations": 1,
					"location": null,
					"numPassingAsserts": 3,
					"retryReasons": [],
					"status": "passed",
					"title": "should call public client readContract with correct parameters"
				},
				{
					"ancestorTitles": ["Contract Service", "readContract"],
					"duration": 0,
					"failureDetails": [],
					"failureMessages": [],
					"fullName": "Contract Service readContract should use default network when none is specified",
					"invocations": 1,
					"location": null,
					"numPassingAsserts": 1,
					"retryReasons": [],
					"status": "passed",
					"title": "should use default network when none is specified"
				},
				{
					"ancestorTitles": ["Contract Service", "writeContract"],
					"duration": 0,
					"failureDetails": [],
					"failureMessages": [],
					"fullName": "Contract Service writeContract should call wallet client writeContract with correct parameters",
					"invocations": 1,
					"location": null,
					"numPassingAsserts": 4,
					"retryReasons": [],
					"status": "passed",
					"title": "should call wallet client writeContract with correct parameters"
				},
				{
					"ancestorTitles": ["Contract Service", "writeContract"],
					"duration": 3,
					"failureDetails": [],
					"failureMessages": [],
					"fullName": "Contract Service writeContract should throw error when private key is not available",
					"invocations": 1,
					"location": null,
					"numPassingAsserts": 2,
					"retryReasons": [],
					"status": "passed",
					"title": "should throw error when private key is not available"
				},
				{
					"ancestorTitles": ["Contract Service", "writeContract"],
					"duration": 0,
					"failureDetails": [],
					"failureMessages": [],
					"fullName": "Contract Service writeContract should use default network when none is specified",
					"invocations": 1,
					"location": null,
					"numPassingAsserts": 1,
					"retryReasons": [],
					"status": "passed",
					"title": "should use default network when none is specified"
				},
				{
					"ancestorTitles": ["Contract Service", "getLogs"],
					"duration": 0,
					"failureDetails": [],
					"failureMessages": [],
					"fullName": "Contract Service getLogs should call public client getLogs with correct parameters",
					"invocations": 1,
					"location": null,
					"numPassingAsserts": 3,
					"retryReasons": [],
					"status": "passed",
					"title": "should call public client getLogs with correct parameters"
				},
				{
					"ancestorTitles": ["Contract Service", "getLogs"],
					"duration": 0,
					"failureDetails": [],
					"failureMessages": [],
					"fullName": "Contract Service getLogs should use default network when none is specified",
					"invocations": 1,
					"location": null,
					"numPassingAsserts": 1,
					"retryReasons": [],
					"status": "passed",
					"title": "should use default network when none is specified"
				},
				{
					"ancestorTitles": ["Contract Service", "isContract"],
					"duration": 0,
					"failureDetails": [],
					"failureMessages": [],
					"fullName": "Contract Service isContract should return true when address has bytecode",
					"invocations": 1,
					"location": null,
					"numPassingAsserts": 4,
					"retryReasons": [],
					"status": "passed",
					"title": "should return true when address has bytecode"
				},
				{
					"ancestorTitles": ["Contract Service", "isContract"],
					"duration": 0,
					"failureDetails": [],
					"failureMessages": [],
					"fullName": "Contract Service isContract should return false when address has no bytecode",
					"invocations": 1,
					"location": null,
					"numPassingAsserts": 1,
					"retryReasons": [],
					"status": "passed",
					"title": "should return false when address has no bytecode"
				},
				{
					"ancestorTitles": ["Contract Service", "isContract"],
					"duration": 1,
					"failureDetails": [],
					"failureMessages": [],
					"fullName": "Contract Service isContract should return false when bytecode is undefined",
					"invocations": 1,
					"location": null,
					"numPassingAsserts": 1,
					"retryReasons": [],
					"status": "passed",
					"title": "should return false when bytecode is undefined"
				},
				{
					"ancestorTitles": ["Contract Service", "isContract"],
					"duration": 0,
					"failureDetails": [],
					"failureMessages": [],
					"fullName": "Contract Service isContract should use default network when none is specified",
					"invocations": 1,
					"location": null,
					"numPassingAsserts": 1,
					"retryReasons": [],
					"status": "passed",
					"title": "should use default network when none is specified"
				}
			],
			"endTime": 1748058916628,
			"message": "",
			"name": "/Users/carson/Development/Sei/sei-js/packages/mcp-server/src/tests/core/services/contracts.test.ts",
			"startTime": 1748058916525,
			"status": "passed",
			"summary": ""
		},
		{
			"assertionResults": [
				{
					"ancestorTitles": ["Transactions Service", "getTransaction"],
					"duration": 1,
					"failureDetails": [],
					"failureMessages": [],
					"fullName": "Transactions Service getTransaction should return transaction data for a given hash",
					"invocations": 1,
					"location": null,
					"numPassingAsserts": 3,
					"retryReasons": [],
					"status": "passed",
					"title": "should return transaction data for a given hash"
				},
				{
					"ancestorTitles": ["Transactions Service", "getTransaction"],
					"duration": 0,
					"failureDetails": [],
					"failureMessages": [],
					"fullName": "Transactions Service getTransaction should use default network when none is specified",
					"invocations": 1,
					"location": null,
					"numPassingAsserts": 1,
					"retryReasons": [],
					"status": "passed",
					"title": "should use default network when none is specified"
				},
				{
					"ancestorTitles": ["Transactions Service", "getTransaction"],
					"duration": 2,
					"failureDetails": [],
					"failureMessages": [],
					"fullName": "Transactions Service getTransaction should handle errors from client calls",
					"invocations": 1,
					"location": null,
					"numPassingAsserts": 1,
					"retryReasons": [],
					"status": "passed",
					"title": "should handle errors from client calls"
				},
				{
					"ancestorTitles": ["Transactions Service", "getTransactionReceipt"],
					"duration": 0,
					"failureDetails": [],
					"failureMessages": [],
					"fullName": "Transactions Service getTransactionReceipt should return transaction receipt for a given hash",
					"invocations": 1,
					"location": null,
					"numPassingAsserts": 3,
					"retryReasons": [],
					"status": "passed",
					"title": "should return transaction receipt for a given hash"
				},
				{
					"ancestorTitles": ["Transactions Service", "getTransactionReceipt"],
					"duration": 1,
					"failureDetails": [],
					"failureMessages": [],
					"fullName": "Transactions Service getTransactionReceipt should use default network when none is specified",
					"invocations": 1,
					"location": null,
					"numPassingAsserts": 1,
					"retryReasons": [],
					"status": "passed",
					"title": "should use default network when none is specified"
				},
				{
					"ancestorTitles": ["Transactions Service", "getTransactionReceipt"],
					"duration": 0,
					"failureDetails": [],
					"failureMessages": [],
					"fullName": "Transactions Service getTransactionReceipt should handle errors from client calls",
					"invocations": 1,
					"location": null,
					"numPassingAsserts": 1,
					"retryReasons": [],
					"status": "passed",
					"title": "should handle errors from client calls"
				},
				{
					"ancestorTitles": ["Transactions Service", "getTransactionCount"],
					"duration": 0,
					"failureDetails": [],
					"failureMessages": [],
					"fullName": "Transactions Service getTransactionCount should return transaction count for a given address",
					"invocations": 1,
					"location": null,
					"numPassingAsserts": 3,
					"retryReasons": [],
					"status": "passed",
					"title": "should return transaction count for a given address"
				},
				{
					"ancestorTitles": ["Transactions Service", "getTransactionCount"],
					"duration": 0,
					"failureDetails": [],
					"failureMessages": [],
					"fullName": "Transactions Service getTransactionCount should use default network when none is specified",
					"invocations": 1,
					"location": null,
					"numPassingAsserts": 1,
					"retryReasons": [],
					"status": "passed",
					"title": "should use default network when none is specified"
				},
				{
					"ancestorTitles": ["Transactions Service", "getTransactionCount"],
					"duration": 0,
					"failureDetails": [],
					"failureMessages": [],
					"fullName": "Transactions Service getTransactionCount should handle errors from client calls",
					"invocations": 1,
					"location": null,
					"numPassingAsserts": 1,
					"retryReasons": [],
					"status": "passed",
					"title": "should handle errors from client calls"
				},
				{
					"ancestorTitles": ["Transactions Service", "estimateGas"],
					"duration": 0,
					"failureDetails": [],
					"failureMessages": [],
					"fullName": "Transactions Service estimateGas should return gas estimate for given parameters",
					"invocations": 1,
					"location": null,
					"numPassingAsserts": 3,
					"retryReasons": [],
					"status": "passed",
					"title": "should return gas estimate for given parameters"
				},
				{
					"ancestorTitles": ["Transactions Service", "estimateGas"],
					"duration": 0,
					"failureDetails": [],
					"failureMessages": [],
					"fullName": "Transactions Service estimateGas should use default network when none is specified",
					"invocations": 1,
					"location": null,
					"numPassingAsserts": 1,
					"retryReasons": [],
					"status": "passed",
					"title": "should use default network when none is specified"
				},
				{
					"ancestorTitles": ["Transactions Service", "estimateGas"],
					"duration": 1,
					"failureDetails": [],
					"failureMessages": [],
					"fullName": "Transactions Service estimateGas should handle errors from client calls",
					"invocations": 1,
					"location": null,
					"numPassingAsserts": 1,
					"retryReasons": [],
					"status": "passed",
					"title": "should handle errors from client calls"
				},
				{
					"ancestorTitles": ["Transactions Service", "getChainId"],
					"duration": 0,
					"failureDetails": [],
					"failureMessages": [],
					"fullName": "Transactions Service getChainId should return chain ID for a given network",
					"invocations": 1,
					"location": null,
					"numPassingAsserts": 3,
					"retryReasons": [],
					"status": "passed",
					"title": "should return chain ID for a given network"
				},
				{
					"ancestorTitles": ["Transactions Service", "getChainId"],
					"duration": 0,
					"failureDetails": [],
					"failureMessages": [],
					"fullName": "Transactions Service getChainId should use default network when none is specified",
					"invocations": 1,
					"location": null,
					"numPassingAsserts": 1,
					"retryReasons": [],
					"status": "passed",
					"title": "should use default network when none is specified"
				},
				{
					"ancestorTitles": ["Transactions Service", "getChainId"],
					"duration": 0,
					"failureDetails": [],
					"failureMessages": [],
					"fullName": "Transactions Service getChainId should handle errors from client calls",
					"invocations": 1,
					"location": null,
					"numPassingAsserts": 1,
					"retryReasons": [],
					"status": "passed",
					"title": "should handle errors from client calls"
				}
			],
			"endTime": 1748058916730,
			"message": "",
			"name": "/Users/carson/Development/Sei/sei-js/packages/mcp-server/src/tests/core/services/transactions.test.ts",
			"startTime": 1748058916631,
			"status": "passed",
			"summary": ""
		},
		{
			"assertionResults": [
				{
					"ancestorTitles": ["Blocks Service", "getBlockNumber"],
					"duration": 1,
					"failureDetails": [],
					"failureMessages": [],
					"fullName": "Blocks Service getBlockNumber should return the current block number for a given network",
					"invocations": 1,
					"location": null,
					"numPassingAsserts": 3,
					"retryReasons": [],
					"status": "passed",
					"title": "should return the current block number for a given network"
				},
				{
					"ancestorTitles": ["Blocks Service", "getBlockNumber"],
					"duration": 0,
					"failureDetails": [],
					"failureMessages": [],
					"fullName": "Blocks Service getBlockNumber should use default network when none is specified",
					"invocations": 1,
					"location": null,
					"numPassingAsserts": 1,
					"retryReasons": [],
					"status": "passed",
					"title": "should use default network when none is specified"
				},
				{
					"ancestorTitles": ["Blocks Service", "getBlockNumber"],
					"duration": 2,
					"failureDetails": [],
					"failureMessages": [],
					"fullName": "Blocks Service getBlockNumber should handle errors from client calls",
					"invocations": 1,
					"location": null,
					"numPassingAsserts": 1,
					"retryReasons": [],
					"status": "passed",
					"title": "should handle errors from client calls"
				},
				{
					"ancestorTitles": ["Blocks Service", "getBlockByNumber"],
					"duration": 0,
					"failureDetails": [],
					"failureMessages": [],
					"fullName": "Blocks Service getBlockByNumber should return block data for a given block number",
					"invocations": 1,
					"location": null,
					"numPassingAsserts": 3,
					"retryReasons": [],
					"status": "passed",
					"title": "should return block data for a given block number"
				},
				{
					"ancestorTitles": ["Blocks Service", "getBlockByNumber"],
					"duration": 0,
					"failureDetails": [],
					"failureMessages": [],
					"fullName": "Blocks Service getBlockByNumber should use default network when none is specified",
					"invocations": 1,
					"location": null,
					"numPassingAsserts": 1,
					"retryReasons": [],
					"status": "passed",
					"title": "should use default network when none is specified"
				},
				{
					"ancestorTitles": ["Blocks Service", "getBlockByNumber"],
					"duration": 0,
					"failureDetails": [],
					"failureMessages": [],
					"fullName": "Blocks Service getBlockByNumber should handle errors from client calls",
					"invocations": 1,
					"location": null,
					"numPassingAsserts": 1,
					"retryReasons": [],
					"status": "passed",
					"title": "should handle errors from client calls"
				},
				{
					"ancestorTitles": ["Blocks Service", "getBlockByHash"],
					"duration": 1,
					"failureDetails": [],
					"failureMessages": [],
					"fullName": "Blocks Service getBlockByHash should return block data for a given block hash",
					"invocations": 1,
					"location": null,
					"numPassingAsserts": 3,
					"retryReasons": [],
					"status": "passed",
					"title": "should return block data for a given block hash"
				},
				{
					"ancestorTitles": ["Blocks Service", "getBlockByHash"],
					"duration": 0,
					"failureDetails": [],
					"failureMessages": [],
					"fullName": "Blocks Service getBlockByHash should use default network when none is specified",
					"invocations": 1,
					"location": null,
					"numPassingAsserts": 1,
					"retryReasons": [],
					"status": "passed",
					"title": "should use default network when none is specified"
				},
				{
					"ancestorTitles": ["Blocks Service", "getBlockByHash"],
					"duration": 0,
					"failureDetails": [],
					"failureMessages": [],
					"fullName": "Blocks Service getBlockByHash should handle errors from client calls",
					"invocations": 1,
					"location": null,
					"numPassingAsserts": 1,
					"retryReasons": [],
					"status": "passed",
					"title": "should handle errors from client calls"
				},
				{
					"ancestorTitles": ["Blocks Service", "getLatestBlock"],
					"duration": 0,
					"failureDetails": [],
					"failureMessages": [],
					"fullName": "Blocks Service getLatestBlock should return the latest block for a given network",
					"invocations": 1,
					"location": null,
					"numPassingAsserts": 3,
					"retryReasons": [],
					"status": "passed",
					"title": "should return the latest block for a given network"
				},
				{
					"ancestorTitles": ["Blocks Service", "getLatestBlock"],
					"duration": 0,
					"failureDetails": [],
					"failureMessages": [],
					"fullName": "Blocks Service getLatestBlock should use default network when none is specified",
					"invocations": 1,
					"location": null,
					"numPassingAsserts": 1,
					"retryReasons": [],
					"status": "passed",
					"title": "should use default network when none is specified"
				},
				{
					"ancestorTitles": ["Blocks Service", "getLatestBlock"],
					"duration": 0,
					"failureDetails": [],
					"failureMessages": [],
					"fullName": "Blocks Service getLatestBlock should handle errors from client calls",
					"invocations": 1,
					"location": null,
					"numPassingAsserts": 1,
					"retryReasons": [],
					"status": "passed",
					"title": "should handle errors from client calls"
				}
			],
			"endTime": 1748058916841,
			"message": "",
			"name": "/Users/carson/Development/Sei/sei-js/packages/mcp-server/src/tests/core/services/blocks.test.ts",
			"startTime": 1748058916732,
			"status": "passed",
			"summary": ""
		},
		{
			"assertionResults": [
				{
					"ancestorTitles": ["Balance Service", "getBalance"],
					"duration": 0,
					"failureDetails": [],
					"failureMessages": [],
					"fullName": "Balance Service getBalance should return the native token balance",
					"invocations": 1,
					"location": null,
					"numPassingAsserts": 1,
					"retryReasons": [],
					"status": "passed",
					"title": "should return the native token balance"
				},
				{
					"ancestorTitles": ["Balance Service", "getERC20Balance"],
					"duration": 1,
					"failureDetails": [],
					"failureMessages": [],
					"fullName": "Balance Service getERC20Balance should return the ERC20 token balance with metadata",
					"invocations": 1,
					"location": null,
					"numPassingAsserts": 1,
					"retryReasons": [],
					"status": "passed",
					"title": "should return the ERC20 token balance with metadata"
				},
				{
					"ancestorTitles": ["Balance Service", "isNFTOwner"],
					"duration": 0,
					"failureDetails": [],
					"failureMessages": [],
					"fullName": "Balance Service isNFTOwner should return true if address owns the NFT",
					"invocations": 1,
					"location": null,
					"numPassingAsserts": 1,
					"retryReasons": [],
					"status": "passed",
					"title": "should return true if address owns the NFT"
				},
				{
					"ancestorTitles": ["Balance Service", "isNFTOwner"],
					"duration": 0,
					"failureDetails": [],
					"failureMessages": [],
					"fullName": "Balance Service isNFTOwner should return false if address does not own the NFT",
					"invocations": 1,
					"location": null,
					"numPassingAsserts": 1,
					"retryReasons": [],
					"status": "passed",
					"title": "should return false if address does not own the NFT"
				},
				{
					"ancestorTitles": ["Balance Service", "isNFTOwner"],
					"duration": 0,
					"failureDetails": [],
					"failureMessages": [],
					"fullName": "Balance Service isNFTOwner should return false if there is an error",
					"invocations": 1,
					"location": null,
					"numPassingAsserts": 1,
					"retryReasons": [],
					"status": "passed",
					"title": "should return false if there is an error"
				},
				{
					"ancestorTitles": ["Balance Service", "getERC721Balance"],
					"duration": 0,
					"failureDetails": [],
					"failureMessages": [],
					"fullName": "Balance Service getERC721Balance should return the ERC721 token balance with metadata",
					"invocations": 1,
					"location": null,
					"numPassingAsserts": 1,
					"retryReasons": [],
					"status": "passed",
					"title": "should return the ERC721 token balance with metadata"
				},
				{
					"ancestorTitles": ["Balance Service", "getERC1155Balance"],
					"duration": 0,
					"failureDetails": [],
					"failureMessages": [],
					"fullName": "Balance Service getERC1155Balance should return the balance of the ERC1155 token",
					"invocations": 1,
					"location": null,
					"numPassingAsserts": 1,
					"retryReasons": [],
					"status": "passed",
					"title": "should return the balance of the ERC1155 token"
				}
			],
			"endTime": 1748058916893,
			"message": "",
			"name": "/Users/carson/Development/Sei/sei-js/packages/mcp-server/src/tests/core/services/balance.test.ts",
			"startTime": 1748058916844,
			"status": "passed",
			"summary": ""
		},
		{
			"assertionResults": [
				{
					"ancestorTitles": ["Tokens Service", "getERC20TokenInfo"],
					"duration": 1,
					"failureDetails": [],
					"failureMessages": [],
					"fullName": "Tokens Service getERC20TokenInfo should return token information for ERC20 tokens",
					"invocations": 1,
					"location": null,
					"numPassingAsserts": 8,
					"retryReasons": [],
					"status": "passed",
					"title": "should return token information for ERC20 tokens"
				},
				{
					"ancestorTitles": ["Tokens Service", "getERC20TokenInfo"],
					"duration": 0,
					"failureDetails": [],
					"failureMessages": [],
					"fullName": "Tokens Service getERC20TokenInfo should use default network when none is specified",
					"invocations": 1,
					"location": null,
					"numPassingAsserts": 1,
					"retryReasons": [],
					"status": "passed",
					"title": "should use default network when none is specified"
				},
				{
					"ancestorTitles": ["Tokens Service", "getERC20TokenInfo"],
					"duration": 3,
					"failureDetails": [],
					"failureMessages": [],
					"fullName": "Tokens Service getERC20TokenInfo should handle errors from contract calls",
					"invocations": 1,
					"location": null,
					"numPassingAsserts": 1,
					"retryReasons": [],
					"status": "passed",
					"title": "should handle errors from contract calls"
				},
				{
					"ancestorTitles": ["Tokens Service", "getERC721TokenMetadata"],
					"duration": 0,
					"failureDetails": [],
					"failureMessages": [],
					"fullName": "Tokens Service getERC721TokenMetadata should return token metadata for ERC721 tokens",
					"invocations": 1,
					"location": null,
					"numPassingAsserts": 6,
					"retryReasons": [],
					"status": "passed",
					"title": "should return token metadata for ERC721 tokens"
				},
				{
					"ancestorTitles": ["Tokens Service", "getERC721TokenMetadata"],
					"duration": 0,
					"failureDetails": [],
					"failureMessages": [],
					"fullName": "Tokens Service getERC721TokenMetadata should use default network when none is specified",
					"invocations": 1,
					"location": null,
					"numPassingAsserts": 1,
					"retryReasons": [],
					"status": "passed",
					"title": "should use default network when none is specified"
				},
				{
					"ancestorTitles": ["Tokens Service", "getERC721TokenMetadata"],
					"duration": 0,
					"failureDetails": [],
					"failureMessages": [],
					"fullName": "Tokens Service getERC721TokenMetadata should handle errors from contract calls",
					"invocations": 1,
					"location": null,
					"numPassingAsserts": 1,
					"retryReasons": [],
					"status": "passed",
					"title": "should handle errors from contract calls"
				},
				{
					"ancestorTitles": ["Tokens Service", "getERC1155TokenURI"],
					"duration": 0,
					"failureDetails": [],
					"failureMessages": [],
					"fullName": "Tokens Service getERC1155TokenURI should return token URI for ERC1155 tokens",
					"invocations": 1,
					"location": null,
					"numPassingAsserts": 4,
					"retryReasons": [],
					"status": "passed",
					"title": "should return token URI for ERC1155 tokens"
				},
				{
					"ancestorTitles": ["Tokens Service", "getERC1155TokenURI"],
					"duration": 0,
					"failureDetails": [],
					"failureMessages": [],
					"fullName": "Tokens Service getERC1155TokenURI should use default network when none is specified",
					"invocations": 1,
					"location": null,
					"numPassingAsserts": 1,
					"retryReasons": [],
					"status": "passed",
					"title": "should use default network when none is specified"
				},
				{
					"ancestorTitles": ["Tokens Service", "getERC1155TokenURI"],
					"duration": 0,
					"failureDetails": [],
					"failureMessages": [],
					"fullName": "Tokens Service getERC1155TokenURI should handle errors from contract calls",
					"invocations": 1,
					"location": null,
					"numPassingAsserts": 1,
					"retryReasons": [],
					"status": "passed",
					"title": "should handle errors from contract calls"
				}
			],
			"endTime": 1748058916956,
			"message": "",
			"name": "/Users/carson/Development/Sei/sei-js/packages/mcp-server/src/tests/core/services/tokens.test.ts",
			"startTime": 1748058916897,
			"status": "passed",
			"summary": ""
		},
		{
			"assertionResults": [
				{
					"ancestorTitles": ["chains module", "constants"],
					"duration": 0,
					"failureDetails": [],
					"failureMessages": [],
					"fullName": "chains module constants DEFAULT_NETWORK is set correctly",
					"invocations": 1,
					"location": null,
					"numPassingAsserts": 1,
					"retryReasons": [],
					"status": "passed",
					"title": "DEFAULT_NETWORK is set correctly"
				},
				{
					"ancestorTitles": ["chains module", "constants"],
					"duration": 0,
					"failureDetails": [],
					"failureMessages": [],
					"fullName": "chains module constants DEFAULT_RPC_URL is set correctly",
					"invocations": 1,
					"location": null,
					"numPassingAsserts": 1,
					"retryReasons": [],
					"status": "passed",
					"title": "DEFAULT_RPC_URL is set correctly"
				},
				{
					"ancestorTitles": ["chains module", "constants"],
					"duration": 0,
					"failureDetails": [],
					"failureMessages": [],
					"fullName": "chains module constants DEFAULT_CHAIN_ID is set correctly",
					"invocations": 1,
					"location": null,
					"numPassingAsserts": 1,
					"retryReasons": [],
					"status": "passed",
					"title": "DEFAULT_CHAIN_ID is set correctly"
				},
				{
					"ancestorTitles": ["chains module", "constants"],
					"duration": 0,
					"failureDetails": [],
					"failureMessages": [],
					"fullName": "chains module constants chainMap contains expected chains",
					"invocations": 1,
					"location": null,
					"numPassingAsserts": 3,
					"retryReasons": [],
					"status": "passed",
					"title": "chainMap contains expected chains"
				},
				{
					"ancestorTitles": ["chains module", "constants"],
					"duration": 0,
					"failureDetails": [],
					"failureMessages": [],
					"fullName": "chains module constants networkNameMap contains expected mappings",
					"invocations": 1,
					"location": null,
					"numPassingAsserts": 3,
					"retryReasons": [],
					"status": "passed",
					"title": "networkNameMap contains expected mappings"
				},
				{
					"ancestorTitles": ["chains module", "constants"],
					"duration": 0,
					"failureDetails": [],
					"failureMessages": [],
					"fullName": "chains module constants rpcUrlMap contains expected URLs",
					"invocations": 1,
					"location": null,
					"numPassingAsserts": 3,
					"retryReasons": [],
					"status": "passed",
					"title": "rpcUrlMap contains expected URLs"
				},
				{
					"ancestorTitles": ["chains module", "resolveChainId"],
					"duration": 0,
					"failureDetails": [],
					"failureMessages": [],
					"fullName": "chains module resolveChainId resolves number chain IDs directly",
					"invocations": 1,
					"location": null,
					"numPassingAsserts": 3,
					"retryReasons": [],
					"status": "passed",
					"title": "resolves number chain IDs directly"
				},
				{
					"ancestorTitles": ["chains module", "resolveChainId"],
					"duration": 0,
					"failureDetails": [],
					"failureMessages": [],
					"fullName": "chains module resolveChainId resolves network names to chain IDs",
					"invocations": 1,
					"location": null,
					"numPassingAsserts": 3,
					"retryReasons": [],
					"status": "passed",
					"title": "resolves network names to chain IDs"
				},
				{
					"ancestorTitles": ["chains module", "resolveChainId"],
					"duration": 0,
					"failureDetails": [],
					"failureMessages": [],
					"fullName": "chains module resolveChainId resolves case-insensitive network names",
					"invocations": 1,
					"location": null,
					"numPassingAsserts": 3,
					"retryReasons": [],
					"status": "passed",
					"title": "resolves case-insensitive network names"
				},
				{
					"ancestorTitles": ["chains module", "resolveChainId"],
					"duration": 0,
					"failureDetails": [],
					"failureMessages": [],
					"fullName": "chains module resolveChainId resolves string numbers to chain IDs",
					"invocations": 1,
					"location": null,
					"numPassingAsserts": 3,
					"retryReasons": [],
					"status": "passed",
					"title": "resolves string numbers to chain IDs"
				},
				{
					"ancestorTitles": ["chains module", "resolveChainId"],
					"duration": 0,
					"failureDetails": [],
					"failureMessages": [],
					"fullName": "chains module resolveChainId defaults to DEFAULT_CHAIN_ID for unknown network names",
					"invocations": 1,
					"location": null,
					"numPassingAsserts": 1,
					"retryReasons": [],
					"status": "passed",
					"title": "defaults to DEFAULT_CHAIN_ID for unknown network names"
				},
				{
					"ancestorTitles": ["chains module", "getChain"],
					"duration": 1,
					"failureDetails": [],
					"failureMessages": [],
					"fullName": "chains module getChain returns chain for numeric chain ID",
					"invocations": 1,
					"location": null,
					"numPassingAsserts": 3,
					"retryReasons": [],
					"status": "passed",
					"title": "returns chain for numeric chain ID"
				},
				{
					"ancestorTitles": ["chains module", "getChain"],
					"duration": 1,
					"failureDetails": [],
					"failureMessages": [],
					"fullName": "chains module getChain returns chain for network name",
					"invocations": 1,
					"location": null,
					"numPassingAsserts": 3,
					"retryReasons": [],
					"status": "passed",
					"title": "returns chain for network name"
				},
				{
					"ancestorTitles": ["chains module", "getChain"],
					"duration": 0,
					"failureDetails": [],
					"failureMessages": [],
					"fullName": "chains module getChain returns sei chain when network name exists but chain mapping is missing",
					"invocations": 1,
					"location": null,
					"numPassingAsserts": 1,
					"retryReasons": [],
					"status": "passed",
					"title": "returns sei chain when network name exists but chain mapping is missing"
				},
				{
					"ancestorTitles": ["chains module", "getChain"],
					"duration": 0,
					"failureDetails": [],
					"failureMessages": [],
					"fullName": "chains module getChain returns chain for case-insensitive network name",
					"invocations": 1,
					"location": null,
					"numPassingAsserts": 3,
					"retryReasons": [],
					"status": "passed",
					"title": "returns chain for case-insensitive network name"
				},
				{
					"ancestorTitles": ["chains module", "getChain"],
					"duration": 0,
					"failureDetails": [],
					"failureMessages": [],
					"fullName": "chains module getChain returns default chain when no parameter is provided",
					"invocations": 1,
					"location": null,
					"numPassingAsserts": 1,
					"retryReasons": [],
					"status": "passed",
					"title": "returns default chain when no parameter is provided"
				},
				{
					"ancestorTitles": ["chains module", "getChain"],
					"duration": 0,
					"failureDetails": [],
					"failureMessages": [],
					"fullName": "chains module getChain returns sei chain for unknown numeric chain ID",
					"invocations": 1,
					"location": null,
					"numPassingAsserts": 1,
					"retryReasons": [],
					"status": "passed",
					"title": "returns sei chain for unknown numeric chain ID"
				},
				{
					"ancestorTitles": ["chains module", "getChain"],
					"duration": 3,
					"failureDetails": [],
					"failureMessages": [],
					"fullName": "chains module getChain throws error for numeric string that is not in networkNameMap",
					"invocations": 1,
					"location": null,
					"numPassingAsserts": 1,
					"retryReasons": [],
					"status": "passed",
					"title": "throws error for numeric string that is not in networkNameMap"
				},
				{
					"ancestorTitles": ["chains module", "getChain"],
					"duration": 0,
					"failureDetails": [],
					"failureMessages": [],
					"fullName": "chains module getChain throws error for unknown network name",
					"invocations": 1,
					"location": null,
					"numPassingAsserts": 1,
					"retryReasons": [],
					"status": "passed",
					"title": "throws error for unknown network name"
				},
				{
					"ancestorTitles": ["chains module", "getRpcUrl"],
					"duration": 0,
					"failureDetails": [],
					"failureMessages": [],
					"fullName": "chains module getRpcUrl returns correct RPC URL for numeric chain ID",
					"invocations": 1,
					"location": null,
					"numPassingAsserts": 3,
					"retryReasons": [],
					"status": "passed",
					"title": "returns correct RPC URL for numeric chain ID"
				},
				{
					"ancestorTitles": ["chains module", "getRpcUrl"],
					"duration": 0,
					"failureDetails": [],
					"failureMessages": [],
					"fullName": "chains module getRpcUrl returns correct RPC URL for network name",
					"invocations": 1,
					"location": null,
					"numPassingAsserts": 3,
					"retryReasons": [],
					"status": "passed",
					"title": "returns correct RPC URL for network name"
				},
				{
					"ancestorTitles": ["chains module", "getRpcUrl"],
					"duration": 1,
					"failureDetails": [],
					"failureMessages": [],
					"fullName": "chains module getRpcUrl returns default RPC URL for unknown chain ID",
					"invocations": 1,
					"location": null,
					"numPassingAsserts": 1,
					"retryReasons": [],
					"status": "passed",
					"title": "returns default RPC URL for unknown chain ID"
				},
				{
					"ancestorTitles": ["chains module", "getRpcUrl"],
					"duration": 0,
					"failureDetails": [],
					"failureMessages": [],
					"fullName": "chains module getRpcUrl returns default RPC URL when no parameter is provided",
					"invocations": 1,
					"location": null,
					"numPassingAsserts": 1,
					"retryReasons": [],
					"status": "passed",
					"title": "returns default RPC URL when no parameter is provided"
				},
				{
					"ancestorTitles": ["chains module", "getSupportedNetworks"],
					"duration": 0,
					"failureDetails": [],
					"failureMessages": [],
					"fullName": "chains module getSupportedNetworks returns sorted list of supported networks",
					"invocations": 1,
					"location": null,
					"numPassingAsserts": 5,
					"retryReasons": [],
					"status": "passed",
					"title": "returns sorted list of supported networks"
				}
			],
			"endTime": 1748058917010,
			"message": "",
			"name": "/Users/carson/Development/Sei/sei-js/packages/mcp-server/src/tests/core/chains.test.ts",
			"startTime": 1748058916958,
			"status": "passed",
			"summary": ""
		},
		{
			"assertionResults": [
				{
					"ancestorTitles": ["Utils Module", "parseEther"],
					"duration": 0,
					"failureDetails": [],
					"failureMessages": [],
					"fullName": "Utils Module parseEther should convert ether to wei",
					"invocations": 1,
					"location": null,
					"numPassingAsserts": 3,
					"retryReasons": [],
					"status": "passed",
					"title": "should convert ether to wei"
				},
				{
					"ancestorTitles": ["Utils Module", "formatJson"],
					"duration": 1,
					"failureDetails": [],
					"failureMessages": [],
					"fullName": "Utils Module formatJson should format an object to JSON with bigint handling",
					"invocations": 1,
					"location": null,
					"numPassingAsserts": 4,
					"retryReasons": [],
					"status": "passed",
					"title": "should format an object to JSON with bigint handling"
				},
				{
					"ancestorTitles": ["Utils Module", "formatJson"],
					"duration": 0,
					"failureDetails": [],
					"failureMessages": [],
					"fullName": "Utils Module formatJson should handle objects without bigints",
					"invocations": 1,
					"location": null,
					"numPassingAsserts": 3,
					"retryReasons": [],
					"status": "passed",
					"title": "should handle objects without bigints"
				},
				{
					"ancestorTitles": ["Utils Module", "validateAddress"],
					"duration": 0,
					"failureDetails": [],
					"failureMessages": [],
					"fullName": "Utils Module validateAddress should return the address if it is valid",
					"invocations": 1,
					"location": null,
					"numPassingAsserts": 2,
					"retryReasons": [],
					"status": "passed",
					"title": "should return the address if it is valid"
				},
				{
					"ancestorTitles": ["Utils Module", "validateAddress"],
					"duration": 2,
					"failureDetails": [],
					"failureMessages": [],
					"fullName": "Utils Module validateAddress should throw an error if the address is invalid",
					"invocations": 1,
					"location": null,
					"numPassingAsserts": 4,
					"retryReasons": [],
					"status": "passed",
					"title": "should throw an error if the address is invalid"
				}
			],
			"endTime": 1748058917048,
			"message": "",
			"name": "/Users/carson/Development/Sei/sei-js/packages/mcp-server/src/tests/core/services/utils.test.ts",
			"startTime": 1748058917012,
			"status": "passed",
			"summary": ""
		},
		{
			"assertionResults": [
				{
					"ancestorTitles": ["registerEVMTools"],
					"duration": 1,
					"failureDetails": [],
					"failureMessages": [],
					"fullName": "registerEVMTools registers all expected tools",
					"invocations": 1,
					"location": null,
					"numPassingAsserts": 14,
					"retryReasons": [],
					"status": "passed",
					"title": "registers all expected tools"
				},
				{
					"ancestorTitles": ["registerEVMTools"],
					"duration": 2,
					"failureDetails": [],
					"failureMessages": [],
					"fullName": "registerEVMTools each registered tool has a handler function",
					"invocations": 1,
					"location": null,
					"numPassingAsserts": 27,
					"retryReasons": [],
					"status": "passed",
					"title": "each registered tool has a handler function"
				},
				{
					"ancestorTitles": ["registerEVMTools", "get_chain_info tool"],
					"duration": 0,
					"failureDetails": [],
					"failureMessages": [],
					"fullName": "registerEVMTools get_chain_info tool returns chain info successfully",
					"invocations": 1,
					"location": null,
					"numPassingAsserts": 4,
					"retryReasons": [],
					"status": "passed",
					"title": "returns chain info successfully"
				},
				{
					"ancestorTitles": ["registerEVMTools", "get_chain_info tool"],
					"duration": 1,
					"failureDetails": [],
					"failureMessages": [],
					"fullName": "registerEVMTools get_chain_info tool handles errors gracefully",
					"invocations": 1,
					"location": null,
					"numPassingAsserts": 1,
					"retryReasons": [],
					"status": "passed",
					"title": "handles errors gracefully"
				},
				{
					"ancestorTitles": ["registerEVMTools", "get_supported_networks tool"],
					"duration": 0,
					"failureDetails": [],
					"failureMessages": [],
					"fullName": "registerEVMTools get_supported_networks tool returns supported networks successfully",
					"invocations": 1,
					"location": null,
					"numPassingAsserts": 2,
					"retryReasons": [],
					"status": "passed",
					"title": "returns supported networks successfully"
				},
				{
					"ancestorTitles": ["registerEVMTools", "get_supported_networks tool"],
					"duration": 0,
					"failureDetails": [],
					"failureMessages": [],
					"fullName": "registerEVMTools get_supported_networks tool handles errors gracefully",
					"invocations": 1,
					"location": null,
					"numPassingAsserts": 1,
					"retryReasons": [],
					"status": "passed",
					"title": "handles errors gracefully"
				},
				{
					"ancestorTitles": ["registerEVMTools", "get_block_by_number tool"],
					"duration": 1,
					"failureDetails": [],
					"failureMessages": [],
					"fullName": "registerEVMTools get_block_by_number tool returns block information successfully",
					"invocations": 1,
					"location": null,
					"numPassingAsserts": 3,
					"retryReasons": [],
					"status": "passed",
					"title": "returns block information successfully"
				},
				{
					"ancestorTitles": ["registerEVMTools", "get_block_by_number tool"],
					"duration": 0,
					"failureDetails": [],
					"failureMessages": [],
					"fullName": "registerEVMTools get_block_by_number tool handles errors gracefully",
					"invocations": 1,
					"location": null,
					"numPassingAsserts": 1,
					"retryReasons": [],
					"status": "passed",
					"title": "handles errors gracefully"
				},
				{
					"ancestorTitles": ["registerEVMTools", "get_balance tool"],
					"duration": 1,
					"failureDetails": [],
					"failureMessages": [],
					"fullName": "registerEVMTools get_balance tool returns balance information successfully",
					"invocations": 1,
					"location": null,
					"numPassingAsserts": 2,
					"retryReasons": [],
					"status": "passed",
					"title": "returns balance information successfully"
				},
				{
					"ancestorTitles": ["registerEVMTools", "get_balance tool"],
					"duration": 0,
					"failureDetails": [],
					"failureMessages": [],
					"fullName": "registerEVMTools get_balance tool handles errors gracefully",
					"invocations": 1,
					"location": null,
					"numPassingAsserts": 1,
					"retryReasons": [],
					"status": "passed",
					"title": "handles errors gracefully"
				},
				{
					"ancestorTitles": ["registerEVMTools", "get_latest_block tool"],
					"duration": 0,
					"failureDetails": [],
					"failureMessages": [],
					"fullName": "registerEVMTools get_latest_block tool returns latest block information successfully",
					"invocations": 1,
					"location": null,
					"numPassingAsserts": 3,
					"retryReasons": [],
					"status": "passed",
					"title": "returns latest block information successfully"
				},
				{
					"ancestorTitles": ["registerEVMTools", "get_latest_block tool"],
					"duration": 0,
					"failureDetails": [],
					"failureMessages": [],
					"fullName": "registerEVMTools get_latest_block tool handles errors gracefully",
					"invocations": 1,
					"location": null,
					"numPassingAsserts": 1,
					"retryReasons": [],
					"status": "passed",
					"title": "handles errors gracefully"
				},
				{
					"ancestorTitles": ["registerEVMTools", "get_nft_balance tool"],
					"duration": 1,
					"failureDetails": [],
					"failureMessages": [],
					"fullName": "registerEVMTools get_nft_balance tool returns NFT balance successfully",
					"invocations": 1,
					"location": null,
					"numPassingAsserts": 2,
					"retryReasons": [],
					"status": "passed",
					"title": "returns NFT balance successfully"
				},
				{
					"ancestorTitles": ["registerEVMTools", "get_nft_balance tool"],
					"duration": 0,
					"failureDetails": [],
					"failureMessages": [],
					"fullName": "registerEVMTools get_nft_balance tool handles errors gracefully",
					"invocations": 1,
					"location": null,
					"numPassingAsserts": 1,
					"retryReasons": [],
					"status": "passed",
					"title": "handles errors gracefully"
				},
				{
					"ancestorTitles": ["registerEVMTools", "get_erc1155_balance tool"],
					"duration": 0,
					"failureDetails": [],
					"failureMessages": [],
					"fullName": "registerEVMTools get_erc1155_balance tool returns ERC1155 token balance successfully",
					"invocations": 1,
					"location": null,
					"numPassingAsserts": 2,
					"retryReasons": [],
					"status": "passed",
					"title": "returns ERC1155 token balance successfully"
				},
				{
					"ancestorTitles": ["registerEVMTools", "get_erc1155_balance tool"],
					"duration": 0,
					"failureDetails": [],
					"failureMessages": [],
					"fullName": "registerEVMTools get_erc1155_balance tool handles errors gracefully",
					"invocations": 1,
					"location": null,
					"numPassingAsserts": 1,
					"retryReasons": [],
					"status": "passed",
					"title": "handles errors gracefully"
				},
				{
					"ancestorTitles": ["registerEVMTools", "get_token_info tool"],
					"duration": 1,
					"failureDetails": [],
					"failureMessages": [],
					"fullName": "registerEVMTools get_token_info tool returns token information successfully",
					"invocations": 1,
					"location": null,
					"numPassingAsserts": 2,
					"retryReasons": [],
					"status": "passed",
					"title": "returns token information successfully"
				},
				{
					"ancestorTitles": ["registerEVMTools", "get_token_info tool"],
					"duration": 0,
					"failureDetails": [],
					"failureMessages": [],
					"fullName": "registerEVMTools get_token_info tool handles errors gracefully",
					"invocations": 1,
					"location": null,
					"numPassingAsserts": 1,
					"retryReasons": [],
					"status": "passed",
					"title": "handles errors gracefully"
				},
				{
					"ancestorTitles": ["registerEVMTools", "get_nft_info tool"],
					"duration": 0,
					"failureDetails": [],
					"failureMessages": [],
					"fullName": "registerEVMTools get_nft_info tool returns NFT information successfully",
					"invocations": 1,
					"location": null,
					"numPassingAsserts": 2,
					"retryReasons": [],
					"status": "passed",
					"title": "returns NFT information successfully"
				},
				{
					"ancestorTitles": ["registerEVMTools", "get_nft_info tool"],
					"duration": 0,
					"failureDetails": [],
					"failureMessages": [],
					"fullName": "registerEVMTools get_nft_info tool handles errors gracefully",
					"invocations": 1,
					"location": null,
					"numPassingAsserts": 1,
					"retryReasons": [],
					"status": "passed",
					"title": "handles errors gracefully"
				},
				{
					"ancestorTitles": ["registerEVMTools", "get_address_from_private_key tool"],
					"duration": 0,
					"failureDetails": [],
					"failureMessages": [],
					"fullName": "registerEVMTools get_address_from_private_key tool returns address successfully when private key is available",
					"invocations": 1,
					"location": null,
					"numPassingAsserts": 3,
					"retryReasons": [],
					"status": "passed",
					"title": "returns address successfully when private key is available"
				},
				{
					"ancestorTitles": ["registerEVMTools", "get_address_from_private_key tool"],
					"duration": 1,
					"failureDetails": [],
					"failureMessages": [],
					"fullName": "registerEVMTools get_address_from_private_key tool returns error when private key is not available",
					"invocations": 1,
					"location": null,
					"numPassingAsserts": 3,
					"retryReasons": [],
					"status": "passed",
					"title": "returns error when private key is not available"
				},
				{
					"ancestorTitles": ["registerEVMTools", "get_address_from_private_key tool"],
					"duration": 0,
					"failureDetails": [],
					"failureMessages": [],
					"fullName": "registerEVMTools get_address_from_private_key tool handles errors gracefully",
					"invocations": 1,
					"location": null,
					"numPassingAsserts": 1,
					"retryReasons": [],
					"status": "passed",
					"title": "handles errors gracefully"
				}
			],
			"endTime": 1748058917071,
			"message": "",
			"name": "/Users/carson/Development/Sei/sei-js/packages/mcp-server/src/tests/core/services/tools.handlers.test.ts",
			"startTime": 1748058917049,
			"status": "passed",
			"summary": ""
		},
		{
			"assertionResults": [
				{
					"ancestorTitles": ["Client Service", "getPublicClient"],
					"duration": 0,
					"failureDetails": [],
					"failureMessages": [],
					"fullName": "Client Service getPublicClient should create and return a new public client when not cached",
					"invocations": 1,
					"location": null,
					"numPassingAsserts": 5,
					"retryReasons": [],
					"status": "passed",
					"title": "should create and return a new public client when not cached"
				},
				{
					"ancestorTitles": ["Client Service", "getPublicClient"],
					"duration": 0,
					"failureDetails": [],
					"failureMessages": [],
					"fullName": "Client Service getPublicClient should return cached client for the same network",
					"invocations": 1,
					"location": null,
					"numPassingAsserts": 2,
					"retryReasons": [],
					"status": "passed",
					"title": "should return cached client for the same network"
				},
				{
					"ancestorTitles": ["Client Service", "getPublicClient"],
					"duration": 3,
					"failureDetails": [],
					"failureMessages": [],
					"fullName": "Client Service getPublicClient should throw error if cache has key but client is undefined",
					"invocations": 1,
					"location": null,
					"numPassingAsserts": 1,
					"retryReasons": [],
					"status": "passed",
					"title": "should throw error if cache has key but client is undefined"
				},
				{
					"ancestorTitles": ["Client Service", "getPublicClient"],
					"duration": 0,
					"failureDetails": [],
					"failureMessages": [],
					"fullName": "Client Service getPublicClient should create different clients for different networks",
					"invocations": 1,
					"location": null,
					"numPassingAsserts": 4,
					"retryReasons": [],
					"status": "passed",
					"title": "should create different clients for different networks"
				},
				{
					"ancestorTitles": ["Client Service", "getPublicClient"],
					"duration": 0,
					"failureDetails": [],
					"failureMessages": [],
					"fullName": "Client Service getPublicClient should use default network when none is specified",
					"invocations": 1,
					"location": null,
					"numPassingAsserts": 1,
					"retryReasons": [],
					"status": "passed",
					"title": "should use default network when none is specified"
				},
				{
					"ancestorTitles": ["Client Service", "getWalletClient"],
					"duration": 1,
					"failureDetails": [],
					"failureMessages": [],
					"fullName": "Client Service getWalletClient should create and return a wallet client",
					"invocations": 1,
					"location": null,
					"numPassingAsserts": 6,
					"retryReasons": [],
					"status": "passed",
					"title": "should create and return a wallet client"
				},
				{
					"ancestorTitles": ["Client Service", "getWalletClient"],
					"duration": 0,
					"failureDetails": [],
					"failureMessages": [],
					"fullName": "Client Service getWalletClient should use default network when none is specified",
					"invocations": 1,
					"location": null,
					"numPassingAsserts": 2,
					"retryReasons": [],
					"status": "passed",
					"title": "should use default network when none is specified"
				},
				{
					"ancestorTitles": ["Client Service", "getAddressFromPrivateKey"],
					"duration": 0,
					"failureDetails": [],
					"failureMessages": [],
					"fullName": "Client Service getAddressFromPrivateKey should return the address derived from the private key",
					"invocations": 1,
					"location": null,
					"numPassingAsserts": 2,
					"retryReasons": [],
					"status": "passed",
					"title": "should return the address derived from the private key"
				}
			],
			"endTime": 1748058917088,
			"message": "",
			"name": "/Users/carson/Development/Sei/sei-js/packages/mcp-server/src/tests/core/services/clients.test.ts",
			"startTime": 1748058917074,
			"status": "passed",
			"summary": ""
		},
		{
			"assertionResults": [
				{
					"ancestorTitles": ["Config Module Initialization", "formatPrivateKey"],
					"duration": 0,
					"failureDetails": [],
					"failureMessages": [],
					"fullName": "Config Module Initialization formatPrivateKey should return undefined for empty string",
					"invocations": 1,
					"location": null,
					"numPassingAsserts": 1,
					"retryReasons": [],
					"status": "passed",
					"title": "should return undefined for empty string"
				},
				{
					"ancestorTitles": ["Config Module Initialization", "formatPrivateKey"],
					"duration": 0,
					"failureDetails": [],
					"failureMessages": [],
					"fullName": "Config Module Initialization formatPrivateKey should return undefined for undefined",
					"invocations": 1,
					"location": null,
					"numPassingAsserts": 1,
					"retryReasons": [],
					"status": "passed",
					"title": "should return undefined for undefined"
				},
				{
					"ancestorTitles": ["Config Module Initialization", "formatPrivateKey"],
					"duration": 0,
					"failureDetails": [],
					"failureMessages": [],
					"fullName": "Config Module Initialization formatPrivateKey should add 0x prefix if missing",
					"invocations": 1,
					"location": null,
					"numPassingAsserts": 1,
					"retryReasons": [],
					"status": "passed",
					"title": "should add 0x prefix if missing"
				},
				{
					"ancestorTitles": ["Config Module Initialization", "formatPrivateKey"],
					"duration": 0,
					"failureDetails": [],
					"failureMessages": [],
					"fullName": "Config Module Initialization formatPrivateKey should not modify key if 0x prefix exists",
					"invocations": 1,
					"location": null,
					"numPassingAsserts": 1,
					"retryReasons": [],
					"status": "passed",
					"title": "should not modify key if 0x prefix exists"
				},
				{
					"ancestorTitles": ["Config Module Initialization", "initializeConfig"],
					"duration": 0,
					"failureDetails": [],
					"failureMessages": [],
					"fullName": "Config Module Initialization initializeConfig should set privateKey to undefined when PRIVATE_KEY is not set",
					"invocations": 1,
					"location": null,
					"numPassingAsserts": 1,
					"retryReasons": [],
					"status": "passed",
					"title": "should set privateKey to undefined when PRIVATE_KEY is not set"
				},
				{
					"ancestorTitles": ["Config Module Initialization", "initializeConfig"],
					"duration": 0,
					"failureDetails": [],
					"failureMessages": [],
					"fullName": "Config Module Initialization initializeConfig should set privateKey to undefined when PRIVATE_KEY is empty",
					"invocations": 1,
					"location": null,
					"numPassingAsserts": 1,
					"retryReasons": [],
					"status": "passed",
					"title": "should set privateKey to undefined when PRIVATE_KEY is empty"
				},
				{
					"ancestorTitles": ["Config Module Initialization", "initializeConfig"],
					"duration": 0,
					"failureDetails": [],
					"failureMessages": [],
					"fullName": "Config Module Initialization initializeConfig should set privateKey correctly when PRIVATE_KEY is valid without 0x prefix",
					"invocations": 1,
					"location": null,
					"numPassingAsserts": 1,
					"retryReasons": [],
					"status": "passed",
					"title": "should set privateKey correctly when PRIVATE_KEY is valid without 0x prefix"
				},
				{
					"ancestorTitles": ["Config Module Initialization", "initializeConfig"],
					"duration": 0,
					"failureDetails": [],
					"failureMessages": [],
					"fullName": "Config Module Initialization initializeConfig should set privateKey correctly when PRIVATE_KEY is valid with 0x prefix",
					"invocations": 1,
					"location": null,
					"numPassingAsserts": 1,
					"retryReasons": [],
					"status": "passed",
					"title": "should set privateKey correctly when PRIVATE_KEY is valid with 0x prefix"
				},
				{
					"ancestorTitles": ["Config Module Initialization", "initializeConfig"],
					"duration": 0,
					"failureDetails": [],
					"failureMessages": [],
					"fullName": "Config Module Initialization initializeConfig should handle parsing failure",
					"invocations": 1,
					"location": null,
					"numPassingAsserts": 1,
					"retryReasons": [],
					"status": "passed",
					"title": "should handle parsing failure"
				},
				{
					"ancestorTitles": ["Config Module Initialization", "getPrivateKeyAsHex"],
					"duration": 0,
					"failureDetails": [],
					"failureMessages": [],
					"fullName": "Config Module Initialization getPrivateKeyAsHex should return undefined if private key is not set",
					"invocations": 1,
					"location": null,
					"numPassingAsserts": 1,
					"retryReasons": [],
					"status": "passed",
					"title": "should return undefined if private key is not set"
				},
				{
					"ancestorTitles": ["Config Module Initialization", "getPrivateKeyAsHex"],
					"duration": 0,
					"failureDetails": [],
					"failureMessages": [],
					"fullName": "Config Module Initialization getPrivateKeyAsHex should return private key as Hex if set",
					"invocations": 1,
					"location": null,
					"numPassingAsserts": 1,
					"retryReasons": [],
					"status": "passed",
					"title": "should return private key as Hex if set"
				}
			],
			"endTime": 1748058917102,
			"message": "",
			"name": "/Users/carson/Development/Sei/sei-js/packages/mcp-server/src/tests/core/config.mock.test.ts",
			"startTime": 1748058917090,
			"status": "passed",
			"summary": ""
		},
		{
			"assertionResults": [
				{
					"ancestorTitles": ["Config Module", "formatPrivateKey"],
					"duration": 1,
					"failureDetails": [],
					"failureMessages": [],
					"fullName": "Config Module formatPrivateKey should add 0x prefix if missing",
					"invocations": 1,
					"location": null,
					"numPassingAsserts": 1,
					"retryReasons": [],
					"status": "passed",
					"title": "should add 0x prefix if missing"
				},
				{
					"ancestorTitles": ["Config Module", "formatPrivateKey"],
					"duration": 0,
					"failureDetails": [],
					"failureMessages": [],
					"fullName": "Config Module formatPrivateKey should not modify key if 0x prefix exists",
					"invocations": 1,
					"location": null,
					"numPassingAsserts": 1,
					"retryReasons": [],
					"status": "passed",
					"title": "should not modify key if 0x prefix exists"
				},
				{
					"ancestorTitles": ["Config Module", "getPrivateKeyAsHex"],
					"duration": 0,
					"failureDetails": [],
					"failureMessages": [],
					"fullName": "Config Module getPrivateKeyAsHex should return undefined if private key is not set",
					"invocations": 1,
					"location": null,
					"numPassingAsserts": 1,
					"retryReasons": [],
					"status": "passed",
					"title": "should return undefined if private key is not set"
				},
				{
					"ancestorTitles": ["Config Module", "getPrivateKeyAsHex"],
					"duration": 0,
					"failureDetails": [],
					"failureMessages": [],
					"fullName": "Config Module getPrivateKeyAsHex should return private key as Hex if set",
					"invocations": 1,
					"location": null,
					"numPassingAsserts": 1,
					"retryReasons": [],
					"status": "passed",
					"title": "should return private key as Hex if set"
				}
			],
			"endTime": 1748058917115,
			"message": "",
			"name": "/Users/carson/Development/Sei/sei-js/packages/mcp-server/src/tests/core/config.test.ts",
			"startTime": 1748058917103,
			"status": "passed",
			"summary": ""
		}
	],
	"wasInterrupted": false,
	"coverageMap": {
		"/Users/carson/Development/Sei/sei-js/packages/mcp-server/src/core/chains.ts": {
			"path": "/Users/carson/Development/Sei/sei-js/packages/mcp-server/src/core/chains.ts",
			"statementMap": {
[...]
					"type": "default-arg",
					"locations": [{ "start": { "line": 32, "column": 47 }, "end": { "line": 32, "column": 62 } }]
				}
			},
			"s": { "0": 4, "1": 4, "2": 4, "3": 4, "4": 4, "5": 4, "6": 3, "7": 3, "8": 3, "9": 3, "10": 3, "11": 3, "12": 3, "13": 3 },
			"f": { "0": 3, "1": 3, "2": 3, "3": 3 },
			"b": { "0": [2], "1": [2], "2": [2], "3": [2] }
		},
		"/Users/carson/Development/Sei/sei-js/packages/mcp-server/src/core/services/transactions.ts": {
			"path": "/Users/carson/Development/Sei/sei-js/packages/mcp-server/src/core/services/transactions.ts",
			"statementMap": {
				"0": { "start": { "line": 8, "column": 0 }, "end": { "line": 8, "column": 7 } },
				"1": { "start": { "line": 16, "column": 0 }, "end": { "line": 16, "column": 7 } },
				"2": { "start": { "line": 24, "column": 0 }, "end": { "line": 24, "column": 7 } },
				"3": { "start": { "line": 33, "column": 0 }, "end": { "line": 33, "column": 7 } },
				"4": { "start": { "line": 41, "column": 0 }, "end": { "line": 41, "column": 7 } },
				"5": { "start": { "line": 2, "column": 0 }, "end": { "line": 2, "column": 47 } },
				"6": { "start": { "line": 3, "column": 0 }, "end": { "line": 3, "column": 47 } },
				"7": { "start": { "line": 9, "column": 16 }, "end": { "line": 9, "column": 40 } },
				"8": { "start": { "line": 10, "column": 1 }, "end": { "line": 10, "column": 46 } },
				"9": { "start": { "line": 17, "column": 16 }, "end": { "line": 17, "column": 40 } },
				"10": { "start": { "line": 18, "column": 1 }, "end": { "line": 18, "column": 53 } },
				"11": { "start": { "line": 25, "column": 16 }, "end": { "line": 25, "column": 40 } },
				"12": { "start": { "line": 26, "column": 15 }, "end": { "line": 26, "column": 60 } },
				"13": { "start": { "line": 27, "column": 1 }, "end": { "line": 27, "column": 22 } },
				"14": { "start": { "line": 34, "column": 16 }, "end": { "line": 34, "column": 40 } },
				"15": { "start": { "line": 35, "column": 1 }, "end": { "line": 35, "column": 41 } },
				"16": { "start": { "line": 42, "column": 16 }, "end": { "line": 42, "column": 40 } },
				"17": { "start": { "line": 43, "column": 17 }, "end": { "line": 43, "column": 42 } },
				"18": { "start": { "line": 44, "column": 1 }, "end": { "line": 44, "column": 24 } }
			},
			"fnMap": {
				"0": {
					"name": "getTransaction",
					"decl": { "start": { "line": 8, "column": 22 }, "end": { "line": 8, "column": 36 } },
					"loc": { "start": { "line": 8, "column": 74 }, "end": { "line": 11, "column": 1 } }
				},
				"1": {
					"name": "getTransactionReceipt",
					"decl": { "start": { "line": 16, "column": 22 }, "end": { "line": 16, "column": 43 } },
					"loc": { "start": { "line": 16, "column": 81 }, "end": { "line": 19, "column": 1 } }
				},
				"2": {
					"name": "getTransactionCount",
					"decl": { "start": { "line": 24, "column": 22 }, "end": { "line": 24, "column": 41 } },
					"loc": { "start": { "line": 24, "column": 85 }, "end": { "line": 28, "column": 1 } }
				},
				"3": {
					"name": "estimateGas",
					"decl": { "start": { "line": 33, "column": 22 }, "end": { "line": 33, "column": 33 } },
					"loc": { "start": { "line": 33, "column": 90 }, "end": { "line": 36, "column": 1 } }
				},
				"4": {
					"name": "getChainId",
					"decl": { "start": { "line": 41, "column": 22 }, "end": { "line": 41, "column": 32 } },
					"loc": { "start": { "line": 41, "column": 58 }, "end": { "line": 45, "column": 1 } }
				}
			},
			"branchMap": {
				"0": {
					"loc": { "start": { "line": 8, "column": 49 }, "end": { "line": 8, "column": 74 } },
					"type": "default-arg",
					"locations": [{ "start": { "line": 8, "column": 59 }, "end": { "line": 8, "column": 74 } }]
				},
				"1": {
					"loc": { "start": { "line": 16, "column": 56 }, "end": { "line": 16, "column": 81 } },
					"type": "default-arg",
					"locations": [{ "start": { "line": 16, "column": 66 }, "end": { "line": 16, "column": 81 } }]
				},
				"2": {
					"loc": { "start": { "line": 24, "column": 60 }, "end": { "line": 24, "column": 85 } },
					"type": "default-arg",
					"locations": [{ "start": { "line": 24, "column": 70 }, "end": { "line": 24, "column": 85 } }]
				},
				"3": {
					"loc": { "start": { "line": 33, "column": 65 }, "end": { "line": 33, "column": 90 } },
					"type": "default-arg",
					"locations": [{ "start": { "line": 33, "column": 75 }, "end": { "line": 33, "column": 90 } }]
				},
				"4": {
					"loc": { "start": { "line": 41, "column": 33 }, "end": { "line": 41, "column": 58 } },
					"type": "default-arg",
					"locations": [{ "start": { "line": 41, "column": 43 }, "end": { "line": 41, "column": 58 } }]
				}
			},
			"s": {
				"0": 4,
				"1": 4,
				"2": 4,
				"3": 4,
				"4": 4,
				"5": 4,
				"6": 4,
				"7": 3,
				"8": 3,
				"9": 3,
				"10": 3,
				"11": 3,
				"12": 3,
				"13": 2,
				"14": 3,
				"15": 3,
				"16": 3,
				"17": 3,
				"18": 2
			},
			"f": { "0": 3, "1": 3, "2": 3, "3": 3, "4": 3 },
			"b": { "0": [2], "1": [2], "2": [2], "3": [2], "4": [2] }
		},
		"/Users/carson/Development/Sei/sei-js/packages/mcp-server/src/core/services/tokens.ts": {
			"path": "/Users/carson/Development/Sei/sei-js/packages/mcp-server/src/core/services/tokens.ts",
			"statementMap": {
				"0": { "start": { "line": 75, "column": 0 }, "end": { "line": 75, "column": 7 } },
				"1": { "start": { "line": 112, "column": 0 }, "end": { "line": 112, "column": 7 } },
				"2": { "start": { "line": 141, "column": 0 }, "end": { "line": 141, "column": 7 } },
				"3": { "start": { "line": 1, "column": 0 }, "end": { "line": 1, "column": 83 } },
				"4": { "start": { "line": 2, "column": 0 }, "end": { "line": 2, "column": 47 } },
				"5": { "start": { "line": 5, "column": 17 }, "end": { "line": 34, "column": 11 } },
				"6": { "start": { "line": 37, "column": 18 }, "end": { "line": 59, "column": 11 } },
				"7": { "start": { "line": 62, "column": 19 }, "end": { "line": 70, "column": 11 } },
				"8": { "start": { "line": 85, "column": 22 }, "end": { "line": 85, "column": 46 } },
				"9": { "start": { "line": 87, "column": 18 }, "end": { "line": 91, "column": 3 } },
				"10": { "start": { "line": 93, "column": 47 }, "end": { "line": 98, "column": 3 } },
				"11": { "start": { "line": 100, "column": 1 }, "end": { "line": 106, "column": 3 } },
				"12": { "start": { "line": 121, "column": 22 }, "end": { "line": 121, "column": 46 } },
				"13": { "start": { "line": 123, "column": 18 }, "end": { "line": 127, "column": 3 } },
				"14": { "start": { "line": 129, "column": 34 }, "end": { "line": 129, "column": 134 } },
				"15": { "start": { "line": 131, "column": 1 }, "end": { "line": 135, "column": 3 } },
				"16": { "start": { "line": 142, "column": 22 }, "end": { "line": 142, "column": 46 } },
				"17": { "start": { "line": 144, "column": 18 }, "end": { "line": 148, "column": 3 } },
				"18": { "start": { "line": 150, "column": 1 }, "end": { "line": 150, "column": 37 } }
			},
			"fnMap": {
				"0": {
					"name": "getERC20TokenInfo",
					"decl": { "start": { "line": 75, "column": 22 }, "end": { "line": 75, "column": 39 } },
					"loc": { "start": { "line": 77, "column": 16 }, "end": { "line": 107, "column": 1 } }
				},
				"1": {
					"name": "getERC721TokenMetadata",
					"decl": { "start": { "line": 112, "column": 22 }, "end": { "line": 112, "column": 44 } },
					"loc": { "start": { "line": 115, "column": 16 }, "end": { "line": 136, "column": 1 } }
				},
				"2": {
					"name": "getERC1155TokenURI",
					"decl": { "start": { "line": 141, "column": 22 }, "end": { "line": 141, "column": 40 } },
					"loc": { "start": { "line": 141, "column": 96 }, "end": { "line": 151, "column": 1 } }
				}
			},
			"branchMap": {
				"0": {
					"loc": { "start": { "line": 77, "column": 1 }, "end": { "line": 77, "column": 16 } },
					"type": "default-arg",
					"locations": [{ "start": { "line": 77, "column": 11 }, "end": { "line": 77, "column": 16 } }]
				},
				"1": {
					"loc": { "start": { "line": 115, "column": 1 }, "end": { "line": 115, "column": 16 } },
					"type": "default-arg",
					"locations": [{ "start": { "line": 115, "column": 11 }, "end": { "line": 115, "column": 16 } }]
				},
				"2": {
					"loc": { "start": { "line": 141, "column": 81 }, "end": { "line": 141, "column": 96 } },
					"type": "default-arg",
					"locations": [{ "start": { "line": 141, "column": 91 }, "end": { "line": 141, "column": 96 } }]
				}
			},
			"s": {
				"0": 4,
				"1": 4,
				"2": 4,
				"3": 4,
				"4": 4,
				"5": 4,
				"6": 4,
				"7": 4,
				"8": 3,
				"9": 3,
				"10": 3,
				"11": 2,
				"12": 3,
				"13": 3,
				"14": 3,
				"15": 2,
				"16": 3,
				"17": 3,
				"18": 3
			},
			"f": { "0": 3, "1": 3, "2": 3 },
			"b": { "0": [2], "1": [2], "2": [2] }
		},
		"/Users/carson/Development/Sei/sei-js/packages/mcp-server/src/core/services/utils.ts": {
			"path": "/Users/carson/Development/Sei/sei-js/packages/mcp-server/src/core/services/utils.ts",
			"statementMap": {
				"0": { "start": { "line": 1, "column": 0 }, "end": { "line": 1, "column": 48 } },
				"1": { "start": { "line": 6, "column": 13 }, "end": { "line": 21, "column": 2 } },
				"2": { "start": { "line": 11, "column": 39 }, "end": { "line": 11, "column": 131 } },
				"3": { "start": { "line": 11, "column": 74 }, "end": { "line": 11, "column": 126 } },
				"4": { "start": { "line": 15, "column": 2 }, "end": { "line": 17, "column": 3 } },
				"5": { "start": { "line": 16, "column": 3 }, "end": { "line": 16, "column": 29 } },
				"6": { "start": { "line": 19, "column": 2 }, "end": { "line": 19, "column": 49 } }
			},
			"fnMap": {
				"0": {
					"name": "(anonymous_0)",
					"decl": { "start": { "line": 11, "column": 13 }, "end": { "line": 11, "column": 14 } },
					"loc": { "start": { "line": 11, "column": 39 }, "end": { "line": 11, "column": 131 } }
				},
				"1": {
					"name": "(anonymous_1)",
					"decl": { "start": { "line": 11, "column": 59 }, "end": { "line": 11, "column": 60 } },
					"loc": { "start": { "line": 11, "column": 74 }, "end": { "line": 11, "column": 126 } }
				},
				"2": {
					"name": "(anonymous_2)",
					"decl": { "start": { "line": 13, "column": 18 }, "end": { "line": 13, "column": 19 } },
					"loc": { "start": { "line": 13, "column": 47 }, "end": { "line": 20, "column": 2 } }
				}
			},
			"branchMap": {
				"0": {
					"loc": { "start": { "line": 11, "column": 74 }, "end": { "line": 11, "column": 126 } },
					"type": "cond-expr",
					"locations": [
						{ "start": { "line": 11, "column": 102 }, "end": { "line": 11, "column": 118 } },
						{ "start": { "line": 11, "column": 121 }, "end": { "line": 11, "column": 126 } }
					]
				},
				"1": {
					"loc": { "start": { "line": 15, "column": 2 }, "end": { "line": 17, "column": 3 } },
					"type": "if",
					"locations": [{ "start": { "line": 15, "column": 2 }, "end": { "line": 17, "column": 3 } }]
				}
			},
			"s": { "0": 3, "1": 3, "2": 2, "3": 10, "4": 35, "5": 31, "6": 4 },
			"f": { "0": 2, "1": 10, "2": 35 },
			"b": { "0": [2, 8], "1": [31] }
		},
		"/Users/carson/Development/Sei/sei-js/packages/mcp-server/src/tests/core/helpers/tool-test-helpers.ts": {
			"path": "/Users/carson/Development/Sei/sei-js/packages/mcp-server/src/tests/core/helpers/tool-test-helpers.ts",
			"statementMap": {
				"0": { "start": { "line": 70, "column": 0 }, "end": { "line": 70, "column": 16 } },
				"1": { "start": { "line": 88, "column": 0 }, "end": { "line": 88, "column": 7 } },
				"2": { "start": { "line": 100, "column": 0 }, "end": { "line": 100, "column": 7 } },
				"3": { "start": { "line": 117, "column": 0 }, "end": { "line": 117, "column": 16 } },
				"4": { "start": { "line": 132, "column": 0 }, "end": { "line": 132, "column": 16 } },
				"5": { "start": { "line": 143, "column": 0 }, "end": { "line": 143, "column": 16 } },
				"6": { "start": { "line": 168, "column": 0 }, "end": { "line": 168, "column": 16 } },
				"7": { "start": { "line": 1, "column": 0 }, "end": { "line": 1, "column": 37 } },
				"8": { "start": { "line": 71, "column": 26 }, "end": { "line": 71, "column": 49 } },
				"9": { "start": { "line": 73, "column": 17 }, "end": { "line": 77, "column": 28 } },
				"10": { "start": { "line": 75, "column": 6 }, "end": { "line": 75, "column": 72 } },
				"11": { "start": { "line": 79, "column": 2 }, "end": { "line": 79, "column": 37 } },
				"12": { "start": { "line": 89, "column": 2 }, "end": { "line": 89, "column": 52 } },
				"13": { "start": { "line": 106, "column": 2 }, "end": { "line": 108, "column": 5 } },
				"14": { "start": { "line": 107, "column": 4 }, "end": { "line": 107, "column": 16 } },
				"15": { "start": { "line": 109, "column": 2 }, "end": { "line": 109, "column": 52 } },
				"16": { "start": { "line": 118, "column": 2 }, "end": { "line": 118, "column": 45 } },
				"17": { "start": { "line": 119, "column": 2 }, "end": { "line": 119, "column": 49 } },
				"18": { "start": { "line": 120, "column": 2 }, "end": { "line": 120, "column": 61 } },
				"19": { "start": { "line": 123, "column": 23 }, "end": { "line": 123, "column": 59 } },
				"20": { "start": { "line": 124, "column": 2 }, "end": { "line": 124, "column": 45 } },
				"21": { "start": { "line": 133, "column": 2 }, "end": { "line": 133, "column": 45 } },
				"22": { "start": { "line": 134, "column": 2 }, "end": { "line": 134, "column": 49 } },
				"23": { "start": { "line": 135, "column": 2 }, "end": { "line": 135, "column": 61 } },
				"24": { "start": { "line": 136, "column": 2 }, "end": { "line": 136, "column": 59 } },
				"25": { "start": { "line": 137, "column": 2 }, "end": { "line": 137, "column": 51 } },
				"26": { "start": { "line": 145, "column": 22 }, "end": { "line": 145, "column": 92 } },
				"27": { "start": { "line": 147, "column": 24 }, "end": { "line": 151, "column": 37 } },
				"28": { "start": { "line": 153, "column": 22 }, "end": { "line": 156, "column": 35 } },
				"29": { "start": { "line": 158, "column": 2 }, "end": { "line": 162, "column": 4 } },
				"30": { "start": { "line": 169, "column": 19 }, "end": { "line": 169, "column": 95 } },
				"31": { "start": { "line": 171, "column": 2 }, "end": { "line": 196, "column": 4 } }
			},
			"fnMap": {
				"0": {
					"name": "createMockServer",
					"decl": { "start": { "line": 70, "column": 16 }, "end": { "line": 70, "column": 32 } },
					"loc": { "start": { "line": 70, "column": 32 }, "end": { "line": 80, "column": 1 } }
				},
				"1": {
					"name": "(anonymous_1)",
					"decl": { "start": { "line": 74, "column": 18 }, "end": { "line": 74, "column": 19 } },
					"loc": { "start": { "line": 74, "column": 98 }, "end": { "line": 76, "column": 5 } }
				},
				"2": {
					"name": "testToolSuccess",
					"decl": { "start": { "line": 88, "column": 22 }, "end": { "line": 88, "column": 37 } },
					"loc": { "start": { "line": 88, "column": 81 }, "end": { "line": 90, "column": 1 } }
				},
				"3": {
					"name": "testToolError",
					"decl": { "start": { "line": 100, "column": 22 }, "end": { "line": 100, "column": 35 } },
					"loc": { "start": { "line": 104, "column": 14 }, "end": { "line": 110, "column": 1 } }
				},
				"4": {
					"name": "(anonymous_4)",
					"decl": { "start": { "line": 106, "column": 32 }, "end": { "line": 106, "column": 35 } },
					"loc": { "start": { "line": 106, "column": 37 }, "end": { "line": 108, "column": 3 } }
				},
				"5": {
					"name": "verifySuccessResponse",
					"decl": { "start": { "line": 117, "column": 16 }, "end": { "line": 117, "column": 37 } },
					"loc": { "start": { "line": 117, "column": 99 }, "end": { "line": 125, "column": 1 } }
				},
				"6": {
					"name": "verifyErrorResponse",
					"decl": { "start": { "line": 132, "column": 16 }, "end": { "line": 132, "column": 35 } },
					"loc": { "start": { "line": 132, "column": 80 }, "end": { "line": 138, "column": 1 } }
				},
				"7": {
					"name": "setupBalanceMocks",
					"decl": { "start": { "line": 143, "column": 16 }, "end": { "line": 143, "column": 33 } },
					"loc": { "start": { "line": 143, "column": 33 }, "end": { "line": 163, "column": 1 } }
				},
				"8": {
					"name": "setupTransactionMocks",
					"decl": { "start": { "line": 168, "column": 16 }, "end": { "line": 168, "column": 37 } },
					"loc": { "start": { "line": 168, "column": 37 }, "end": { "line": 197, "column": 1 } }
				}
			},
			"branchMap": {},
			"s": {
				"0": 1,
				"1": 1,
				"2": 1,
				"3": 1,
				"4": 1,
				"5": 1,
				"6": 1,
				"7": 1,
				"8": 1,
				"9": 1,
				"10": 27,
				"11": 1,
				"12": 15,
				"13": 15,
				"14": 15,
				"15": 15,
				"16": 2,
				"17": 2,
				"18": 2,
				"19": 2,
				"20": 2,
				"21": 15,
				"22": 15,
				"23": 15,
				"24": 15,
				"25": 15,
				"26": 2,
				"27": 2,
				"28": 2,
				"29": 2,
				"30": 1,
				"31": 1
			},
			"f": { "0": 1, "1": 27, "2": 15, "3": 15, "4": 15, "5": 2, "6": 15, "7": 2, "8": 1 },
			"b": {}
		},
		"/Users/carson/Development/Sei/sei-js/packages/mcp-server/src/tests/core/config.mock.ts": {
			"path": "/Users/carson/Development/Sei/sei-js/packages/mcp-server/src/tests/core/config.mock.ts",
			"statementMap": {
				"0": { "start": { "line": 18, "column": 0 }, "end": { "line": 18, "column": 16 } },
				"1": { "start": { "line": 29, "column": 0 }, "end": { "line": 29, "column": 16 } },
				"2": { "start": { "line": 1, "column": 0 }, "end": { "line": 1, "column": 24 } },
				"3": { "start": { "line": 5, "column": 18 }, "end": { "line": 7, "column": 2 } },
				"4": { "start": { "line": 10, "column": 32 }, "end": { "line": 15, "column": 1 } },
				"5": { "start": { "line": 11, "column": 1 }, "end": { "line": 11, "column": 28 } },
				"6": { "start": { "line": 11, "column": 11 }, "end": { "line": 11, "column": 28 } },
				"7": { "start": { "line": 14, "column": 1 }, "end": { "line": 14, "column": 48 } },
				"8": { "start": { "line": 10, "column": 13 }, "end": { "line": 10, "column": 32 } },
				"9": { "start": { "line": 20, "column": 13 }, "end": { "line": 20, "column": 41 } },
				"10": { "start": { "line": 23, "column": 1 }, "end": { "line": 25, "column": 3 } },
				"11": { "start": { "line": 30, "column": 1 }, "end": { "line": 30, "column": 45 } }
			},
			"fnMap": {
				"0": {
					"name": "(anonymous_0)",
					"decl": { "start": { "line": 10, "column": 32 }, "end": { "line": 10, "column": 33 } },
					"loc": { "start": { "line": 10, "column": 69 }, "end": { "line": 15, "column": 1 } }
				},
				"1": {
					"name": "initializeConfig",
					"decl": { "start": { "line": 18, "column": 16 }, "end": { "line": 18, "column": 32 } },
					"loc": { "start": { "line": 18, "column": 76 }, "end": { "line": 26, "column": 1 } }
				},
				"2": {
					"name": "getPrivateKeyAsHex",
					"decl": { "start": { "line": 29, "column": 16 }, "end": { "line": 29, "column": 34 } },
					"loc": { "start": { "line": 29, "column": 66 }, "end": { "line": 31, "column": 1 } }
				}
			},
			"branchMap": {
				"0": {
					"loc": { "start": { "line": 11, "column": 1 }, "end": { "line": 11, "column": 28 } },
					"type": "if",
					"locations": [{ "start": { "line": 11, "column": 1 }, "end": { "line": 11, "column": 28 } }]
				},
				"1": {
					"loc": { "start": { "line": 14, "column": 8 }, "end": { "line": 14, "column": 47 } },
					"type": "cond-expr",
					"locations": [
						{ "start": { "line": 14, "column": 31 }, "end": { "line": 14, "column": 34 } },
						{ "start": { "line": 14, "column": 37 }, "end": { "line": 14, "column": 47 } }
					]
				},
				"2": {
					"loc": { "start": { "line": 24, "column": 14 }, "end": { "line": 24, "column": 78 } },
					"type": "cond-expr",
					"locations": [
						{ "start": { "line": 24, "column": 28 }, "end": { "line": 24, "column": 66 } },
						{ "start": { "line": 24, "column": 69 }, "end": { "line": 24, "column": 78 } }
					]
				}
			},
			"s": { "0": 1, "1": 1, "2": 1, "3": 1, "4": 1, "5": 8, "6": 4, "7": 4, "8": 1, "9": 5, "10": 5, "11": 2 },
			"f": { "0": 8, "1": 5, "2": 2 },
			"b": { "0": [4], "1": [2, 2], "2": [4, 1] }
		}
	}
}
