[2K[1G[2m$ rm -rf dist && npm run build:esm && npm run build:cjs && npm run build:types[22m

> @sei-js/global-wallet@0.0.1 build:esm
> tsc --project tsconfig.json --outDir dist/esm && tsc-alias --project tsconfig.json --outDir dist/esm

src/lib/EIP6963Emitter.ts(4,8): error TS2307: Cannot find module '@dynamic-labs/global-wallet-client/ethereum' or its corresponding type declarations.
src/lib/registerSolanaStandard.ts(5,8): error TS2307: Cannot find module '@dynamic-labs/global-wallet-client/solana' or its corresponding type declarations.
src/lib/wallet.ts(4,8): error TS2307: Cannot find module '@dynamic-labs/global-wallet-client' or its corresponding type declarations.
npm ERR! Lifecycle script `build:esm` failed with error: 
npm ERR! Error: command failed 
npm ERR!   in workspace: @sei-js/global-wallet@0.0.1 
npm ERR!   at location: /Users/carsonaberle/Development/sei/sei-js/packages/global-wallet 
[2K[1G[31merror[39m Command failed with exit code 1.
[2K[1G[34minfo[39m Visit [1mhttps://yarnpkg.com/en/docs/cli/run[22m for documentation about this command.
